<?xml version="1.0" encoding="UTF-8"?>
<!-- Generated by org.testng.reporters.JUnitXMLReporter -->
<testsuite ignored="0" hostname="DESKTOP-J3C5VNV" failures="1" tests="16" name="Test" time="748.55" errors="0" timestamp="2025-06-22T18:53:33 IST">
  <testcase classname="MavenPackage1.AmazonProject.TC10_deleteitemfromcart" name="deleteproductincart" time="20.161">
    <skipped/>
  </testcase> <!-- deleteproductincart -->
  <testcase classname="MavenPackage1.AmazonProject.TC10_deleteitemfromcart" name="deleteproductincart" time="20.869"/>
  <testcase classname="MavenPackage1.AmazonProject.TC08_sortproduct" name="sortproducts" time="28.984"/>
  <testcase classname="MavenPackage1.AmazonProject.TC11_checkoutdetails" name="checkout" time="20.121">
    <skipped/>
  </testcase> <!-- checkout -->
  <testcase classname="MavenPackage1.AmazonProject.TC11_checkoutdetails" name="checkout" time="40.147"/>
  <testcase classname="MavenPackage1.AmazonProject.TC06_filters" name="searchwithfilters" time="23.252"/>
  <testcase classname="MavenPackage1.AmazonProject.TC05_SearchProduct" name="searchproduct" time="14.482"/>
  <testcase classname="MavenPackage1.AmazonProject.TC12_PaymentMethods" name="Payment" time="30.759"/>
  <testcase classname="MavenPackage1.AmazonProject.TC03_loginwithInValidCredentials" name="loginwithinvalidcredentials" time="20.131">
    <failure type="org.openqa.selenium.TimeoutException" message="Expected condition failed: waiting for visibility of Proxy element for: DefaultElementLocator &amp;apos;By.xpath: //span[@id=&amp;apos;nav-link-accountList-nav-line-1&amp;apos;]&amp;apos; (tried for 10 second(s) with 500 milliseconds interval)">
      <![CDATA[org.openqa.selenium.TimeoutException: Expected condition failed: waiting for visibility of Proxy element for: DefaultElementLocator 'By.xpath: //span[@id='nav-link-accountList-nav-line-1']' (tried for 10 second(s) with 500 milliseconds interval)
at org.openqa.selenium.support.ui.WebDriverWait.timeoutException(WebDriverWait.java:84)
at org.openqa.selenium.support.ui.FluentWait.until(FluentWait.java:228)
at MavenPackage1.AmazonProject.registration_Page.hoverover(registration_Page.java:35)
at MavenPackage1.AmazonProject.TC03_loginwithInValidCredentials.loginwithinvalidcredentials(TC03_loginwithInValidCredentials.java:13)
at java.base/java.util.ArrayList.forEach(ArrayList.java:1597)
Caused by: org.openqa.selenium.NoSuchElementException: no such element: Unable to locate element: {"method":"xpath","selector":"//span[@id='nav-link-accountList-nav-line-1']"}
  (Session info: chrome=137.0.7151.120)
For documentation on this error, please visit: https://www.selenium.dev/documentation/webdriver/troubleshooting/errors#no-such-element-exception
Build info: version: '4.32.0', revision: 'd17c8aa950'
System info: os.name: 'Windows 10', os.arch: 'amd64', os.version: '10.0', java.version: '23.0.2'
Driver info: org.openqa.selenium.chrome.ChromeDriver
Command: [43201689b66f07131550a33dd1c2ac81, findElement {value=//span[@id='nav-link-accountList-nav-line-1'], using=xpath}]
Capabilities {acceptInsecureCerts: false, browserName: chrome, browserVersion: 137.0.7151.120, chrome: {chromedriverVersion: 137.0.7151.119 (e0ac9d12dff..., userDataDir: C:\Users\Naveen\AppData\Loc...}, fedcm:accounts: true, goog:chromeOptions: {debuggerAddress: localhost:57377}, networkConnectionEnabled: false, pageLoadStrategy: normal, platformName: windows, proxy: Proxy(), se:cdp: ws://localhost:57377/devtoo..., se:cdpVersion: 137.0.7151.120, setWindowRect: true, strictFileInteractability: false, timeouts: {implicit: 0, pageLoad: 300000, script: 30000}, unhandledPromptBehavior: dismiss and notify, webauthn:extension:credBlob: true, webauthn:extension:largeBlob: true, webauthn:extension:minPinLength: true, webauthn:extension:prf: true, webauthn:virtualAuthenticators: true}
Session ID: 43201689b66f07131550a33dd1c2ac81
at org.openqa.selenium.remote.ErrorCodec.decode(ErrorCodec.java:167)
at org.openqa.selenium.remote.codec.w3c.W3CHttpResponseCodec.decode(W3CHttpResponseCodec.java:138)
at org.openqa.selenium.remote.codec.w3c.W3CHttpResponseCodec.decode(W3CHttpResponseCodec.java:50)
at org.openqa.selenium.remote.HttpCommandExecutor.execute(HttpCommandExecutor.java:215)
at org.openqa.selenium.remote.service.DriverCommandExecutor.invokeExecute(DriverCommandExecutor.java:216)
at org.openqa.selenium.remote.service.DriverCommandExecutor.execute(DriverCommandExecutor.java:174)
at org.openqa.selenium.remote.RemoteWebDriver.execute(RemoteWebDriver.java:545)
at org.openqa.selenium.remote.ElementLocation$ElementFinder$2.findElement(ElementLocation.java:165)
at org.openqa.selenium.remote.ElementLocation.findElement(ElementLocation.java:59)
at org.openqa.selenium.remote.RemoteWebDriver.findElement(RemoteWebDriver.java:368)
at org.openqa.selenium.remote.RemoteWebDriver.findElement(RemoteWebDriver.java:362)
at org.openqa.selenium.support.pagefactory.DefaultElementLocator.findElement(DefaultElementLocator.java:68)
at org.openqa.selenium.support.pagefactory.internal.LocatingElementHandler.invoke(LocatingElementHandler.java:38)
at jdk.proxy2/jdk.proxy2.$Proxy14.isDisplayed(Unknown Source)
at org.openqa.selenium.support.ui.ExpectedConditions.elementIfVisible(ExpectedConditions.java:304)
at org.openqa.selenium.support.ui.ExpectedConditions$10.apply(ExpectedConditions.java:290)
at org.openqa.selenium.support.ui.ExpectedConditions$10.apply(ExpectedConditions.java:287)
at org.openqa.selenium.support.ui.FluentWait.until(FluentWait.java:203)
... 28 more
... Removed 28 stack frames]]>
    </failure>
  </testcase> <!-- loginwithinvalidcredentials -->
  <testcase classname="MavenPackage1.AmazonProject.TC04_AccountInformation" name="editaccountdetails" time="28.66"/>
  <testcase classname="MavenPackage1.AmazonProject.TC15_withoutlogin" name="withoutloginreachcartpage" time="18.021"/>
  <testcase classname="MavenPackage1.AmazonProject.TC14_fivestarrating" name="loginwithvalidcredentials" time="45.574"/>
  <testcase classname="MavenPackage1.AmazonProject.TC07_productdetails" name="productdetails" time="47.592"/>
  <testcase classname="MavenPackage1.AmazonProject.TC13_couponcode" name="couponcode" time="48.754"/>
  <testcase classname="MavenPackage1.AmazonProject.TC02_loginwithValidCredentials" name="loginwithvalidcredentials" time="22.843"/>
  <testcase classname="MavenPackage1.AmazonProject.TC09_addtocart" name="addtocart" time="35.814"/>
</testsuite> <!-- Test -->
