<?xml version="1.0" encoding="UTF-8"?>
<!-- Generated by org.testng.reporters.JUnitXMLReporter -->
<testsuite ignored="0" hostname="DESKTOP-J3C5VNV" failures="0" tests="7" name="Testing on chrome" time="242.043" errors="0" timestamp="2025-06-18T23:44:46 IST">
  <testcase classname="MavenPackage1.AmazonProject.TC07_productdetails" name="productdetails" time="18.349"/>
  <testcase classname="MavenPackage1.AmazonProject.TC02_loginwithValidCredentials" name="loginwithvalidcredentials" time="10.146"/>
  <testcase classname="MavenPackage1.AmazonProject.TC08_sortproduct" name="sortproducts" time="42.302"/>
  <testcase classname="MavenPackage1.AmazonProject.TC05_SearchProduct" name="searchproduct" time="20.128">
    <skipped/>
  </testcase> <!-- searchproduct -->
  <testcase classname="MavenPackage1.AmazonProject.TC05_SearchProduct" name="searchproduct" time="26.528"/>
  <testcase classname="MavenPackage1.AmazonProject.TC06_filters" name="searchwithfilters" time="24.559"/>
  <testcase classname="MavenPackage1.AmazonProject.TC03_loginwithInValidCredentials" name="loginwithinvalidcredentials" time="7.164"/>
</testsuite> <!-- Testing on chrome -->
