<?xml version="1.0" encoding="UTF-8"?>
<!-- Generated by org.testng.reporters.JUnitXMLReporter -->
<testsuite ignored="0" hostname="DESKTOP-J3C5VNV" failures="1" tests="18" name="Test" time="589.569" errors="0" timestamp="2025-06-22T22:47:46 IST">
  <testcase classname="MavenPackage1.AmazonProject.TC10_deleteitemfromcart" name="deleteproductincart" time="20.558"/>
  <testcase classname="MavenPackage1.AmazonProject.TC08_sortproduct" name="sortproducts" time="20.095">
    <skipped/>
  </testcase> <!-- sortproducts -->
  <testcase classname="MavenPackage1.AmazonProject.TC08_sortproduct" name="sortproducts" time="20.184">
    <skipped/>
  </testcase> <!-- sortproducts -->
  <testcase classname="MavenPackage1.AmazonProject.TC08_sortproduct" name="sortproducts" time="29.555"/>
  <testcase classname="MavenPackage1.AmazonProject.TC11_checkoutdetails" name="checkout" time="36.1"/>
  <testcase classname="MavenPackage1.AmazonProject.TC06_filters" name="searchwithfilters" time="30.199">
    <skipped/>
  </testcase> <!-- searchwithfilters -->
  <testcase classname="MavenPackage1.AmazonProject.TC06_filters" name="searchwithfilters" time="19.703"/>
  <testcase classname="MavenPackage1.AmazonProject.TC05_SearchProduct" name="searchproduct" time="13.734"/>
  <testcase classname="MavenPackage1.AmazonProject.TC12_PaymentMethods" name="Payment" time="24.541"/>
  <testcase classname="MavenPackage1.AmazonProject.TC03_loginwithInValidCredentials" name="loginwithinvalidcredentials" time="5.505">
    <failure type="org.openqa.selenium.StaleElementReferenceException" message="stale element reference: stale element not found
  (Session info: chrome=137.0.7151.120)
For documentation on this error, please visit: https://www.selenium.dev/documentation/webdriver/troubleshooting/errors#stale-element-reference-exception
Build info: version: &amp;apos;4.32.0&amp;apos;, revision: &amp;apos;d17c8aa950&amp;apos;
System info: os.name: &amp;apos;Windows 10&amp;apos;, os.arch: &amp;apos;amd64&amp;apos;, os.version: &amp;apos;10.0&amp;apos;, java.version: &amp;apos;23.0.2&amp;apos;
Driver info: org.openqa.selenium.chrome.ChromeDriver
Command: [b443ee63f7ad8ead35096e701aaad7a4, getElementText {id=f.5D2AB2D80B5F273E8CA96976C739AD1B.d.79C059AF3A992D04E41CA4ABADBAB729.e.133}]
Capabilities {acceptInsecureCerts: false, browserName: chrome, browserVersion: 137.0.7151.120, chrome: {chromedriverVersion: 137.0.7151.119 (e0ac9d12dff..., userDataDir: C:\Users\Naveen\AppData\Loc...}, fedcm:accounts: true, goog:chromeOptions: {debuggerAddress: localhost:64989}, networkConnectionEnabled: false, pageLoadStrategy: normal, platformName: windows, proxy: Proxy(), se:cdp: ws://localhost:64989/devtoo..., se:cdpVersion: 137.0.7151.120, setWindowRect: true, strictFileInteractability: false, timeouts: {implicit: 0, pageLoad: 300000, script: 30000}, unhandledPromptBehavior: dismiss and notify, webauthn:extension:credBlob: true, webauthn:extension:largeBlob: true, webauthn:extension:minPinLength: true, webauthn:extension:prf: true, webauthn:virtualAuthenticators: true}
Element: [[ChromeDriver: chrome on windows (b443ee63f7ad8ead35096e701aaad7a4)] -&amp;gt; xpath: (//h4[@class=&amp;apos;a-alert-heading&amp;apos;])[1]]
Session ID: b443ee63f7ad8ead35096e701aaad7a4">
      <![CDATA[org.openqa.selenium.StaleElementReferenceException: stale element reference: stale element not found
  (Session info: chrome=137.0.7151.120)
For documentation on this error, please visit: https://www.selenium.dev/documentation/webdriver/troubleshooting/errors#stale-element-reference-exception
Build info: version: '4.32.0', revision: 'd17c8aa950'
System info: os.name: 'Windows 10', os.arch: 'amd64', os.version: '10.0', java.version: '23.0.2'
Driver info: org.openqa.selenium.chrome.ChromeDriver
Command: [b443ee63f7ad8ead35096e701aaad7a4, getElementText {id=f.5D2AB2D80B5F273E8CA96976C739AD1B.d.79C059AF3A992D04E41CA4ABADBAB729.e.133}]
Capabilities {acceptInsecureCerts: false, browserName: chrome, browserVersion: 137.0.7151.120, chrome: {chromedriverVersion: 137.0.7151.119 (e0ac9d12dff..., userDataDir: C:\Users\Naveen\AppData\Loc...}, fedcm:accounts: true, goog:chromeOptions: {debuggerAddress: localhost:64989}, networkConnectionEnabled: false, pageLoadStrategy: normal, platformName: windows, proxy: Proxy(), se:cdp: ws://localhost:64989/devtoo..., se:cdpVersion: 137.0.7151.120, setWindowRect: true, strictFileInteractability: false, timeouts: {implicit: 0, pageLoad: 300000, script: 30000}, unhandledPromptBehavior: dismiss and notify, webauthn:extension:credBlob: true, webauthn:extension:largeBlob: true, webauthn:extension:minPinLength: true, webauthn:extension:prf: true, webauthn:virtualAuthenticators: true}
Element: [[ChromeDriver: chrome on windows (b443ee63f7ad8ead35096e701aaad7a4)] -> xpath: (//h4[@class='a-alert-heading'])[1]]
Session ID: b443ee63f7ad8ead35096e701aaad7a4
at org.openqa.selenium.remote.ErrorCodec.decode(ErrorCodec.java:167)
at org.openqa.selenium.remote.codec.w3c.W3CHttpResponseCodec.decode(W3CHttpResponseCodec.java:138)
at org.openqa.selenium.remote.codec.w3c.W3CHttpResponseCodec.decode(W3CHttpResponseCodec.java:50)
at org.openqa.selenium.remote.HttpCommandExecutor.execute(HttpCommandExecutor.java:215)
at org.openqa.selenium.remote.service.DriverCommandExecutor.invokeExecute(DriverCommandExecutor.java:216)
at org.openqa.selenium.remote.service.DriverCommandExecutor.execute(DriverCommandExecutor.java:174)
at org.openqa.selenium.remote.RemoteWebDriver.execute(RemoteWebDriver.java:545)
at org.openqa.selenium.remote.RemoteWebElement.execute(RemoteWebElement.java:223)
at org.openqa.selenium.remote.RemoteWebElement.getText(RemoteWebElement.java:191)
at org.openqa.selenium.support.pagefactory.internal.LocatingElementHandler.invoke(LocatingElementHandler.java:51)
at jdk.proxy2/jdk.proxy2.$Proxy11.getText(Unknown Source)
at MavenPackage1.AmazonProject.loginPage.invalilogin(loginPage.java:76)
at MavenPackage1.AmazonProject.TC03_loginwithInValidCredentials.loginwithinvalidcredentials(TC03_loginwithInValidCredentials.java:19)
at java.base/java.util.ArrayList.forEach(ArrayList.java:1597)
... Removed 34 stack frames]]>
    </failure>
  </testcase> <!-- loginwithinvalidcredentials -->
  <testcase classname="MavenPackage1.AmazonProject.TC04_AccountInformation" name="editaccountdetails" time="15.972"/>
  <testcase classname="MavenPackage1.AmazonProject.TC15_withoutlogin" name="withoutloginreachcartpage" time="7.658"/>
  <testcase classname="MavenPackage1.AmazonProject.TC14_fivestarrating" name="loginwithvalidcredentials" time="16.552"/>
  <testcase classname="MavenPackage1.AmazonProject.TC07_productdetails" name="productdetails" time="16.181"/>
  <testcase classname="MavenPackage1.AmazonProject.TC13_couponcode" name="couponcode" time="54.026"/>
  <testcase classname="MavenPackage1.AmazonProject.TC02_loginwithValidCredentials" name="loginwithvalidcredentials" time="20.143">
    <skipped/>
  </testcase> <!-- loginwithvalidcredentials -->
  <testcase classname="MavenPackage1.AmazonProject.TC02_loginwithValidCredentials" name="loginwithvalidcredentials" time="7.389"/>
  <testcase classname="MavenPackage1.AmazonProject.TC09_addtocart" name="addtocart" time="16.507"/>
</testsuite> <!-- Test -->
