<?xml version="1.0" encoding="UTF-8"?>
<!-- Generated by org.testng.reporters.JUnitXMLReporter -->
<testsuite ignored="0" hostname="DESKTOP-J3C5VNV" failures="2" tests="16" name="Testing on Edge browser" time="657.067" errors="0" timestamp="2025-06-24T18:00:14 IST">
  <testcase classname="MavenPackage1.AmazonProject.TC10_deleteitemfromcart" name="deleteproductincart" time="36.34"/>
  <testcase classname="MavenPackage1.AmazonProject.TC08_sortproduct" name="sortproducts" time="32.943"/>
  <testcase classname="MavenPackage1.AmazonProject.TC05_SearchProduct" name="searchproduct" time="12.852"/>
  <testcase classname="MavenPackage1.AmazonProject.TC11_checkoutdetails" name="checkout" time="34.116"/>
  <testcase classname="MavenPackage1.AmazonProject.TC06_filters" name="searchwithfilters" time="18.413"/>
  <testcase classname="MavenPackage1.AmazonProject.TC03_loginwithInValidCredentials" name="loginwithinvalidcredentials" time="6.168">
    <failure type="org.openqa.selenium.StaleElementReferenceException" message="stale element reference: stale element not found
  (Session info: chrome=137.0.7151.120)
For documentation on this error, please visit: https://www.selenium.dev/documentation/webdriver/troubleshooting/errors#stale-element-reference-exception
Build info: version: &amp;apos;4.32.0&amp;apos;, revision: &amp;apos;d17c8aa950&amp;apos;
System info: os.name: &amp;apos;Windows 10&amp;apos;, os.arch: &amp;apos;amd64&amp;apos;, os.version: &amp;apos;10.0&amp;apos;, java.version: &amp;apos;23.0.2&amp;apos;
Driver info: org.openqa.selenium.chrome.ChromeDriver
Command: [f4206ca321010faf2f93dbb649190980, getElementText {id=f.96CE68CEE2DB48D8BE990308DBF15FC5.d.4E85555941728F2B4CA283A2438427F0.e.340}]
Capabilities {acceptInsecureCerts: false, browserName: chrome, browserVersion: 137.0.7151.120, chrome: {chromedriverVersion: 137.0.7151.119 (e0ac9d12dff..., userDataDir: C:\Users\Naveen\AppData\Loc...}, fedcm:accounts: true, goog:chromeOptions: {debuggerAddress: localhost:52474}, networkConnectionEnabled: false, pageLoadStrategy: normal, platformName: windows, proxy: Proxy(), se:cdp: ws://localhost:52474/devtoo..., se:cdpVersion: 137.0.7151.120, setWindowRect: true, strictFileInteractability: false, timeouts: {implicit: 0, pageLoad: 300000, script: 30000}, unhandledPromptBehavior: dismiss and notify, webauthn:extension:credBlob: true, webauthn:extension:largeBlob: true, webauthn:extension:minPinLength: true, webauthn:extension:prf: true, webauthn:virtualAuthenticators: true}
Element: [[ChromeDriver: chrome on windows (f4206ca321010faf2f93dbb649190980)] -&amp;gt; xpath: (//h4[@class=&amp;apos;a-alert-heading&amp;apos;])[1]]
Session ID: f4206ca321010faf2f93dbb649190980">
      <![CDATA[org.openqa.selenium.StaleElementReferenceException: stale element reference: stale element not found
  (Session info: chrome=137.0.7151.120)
For documentation on this error, please visit: https://www.selenium.dev/documentation/webdriver/troubleshooting/errors#stale-element-reference-exception
Build info: version: '4.32.0', revision: 'd17c8aa950'
System info: os.name: 'Windows 10', os.arch: 'amd64', os.version: '10.0', java.version: '23.0.2'
Driver info: org.openqa.selenium.chrome.ChromeDriver
Command: [f4206ca321010faf2f93dbb649190980, getElementText {id=f.96CE68CEE2DB48D8BE990308DBF15FC5.d.4E85555941728F2B4CA283A2438427F0.e.340}]
Capabilities {acceptInsecureCerts: false, browserName: chrome, browserVersion: 137.0.7151.120, chrome: {chromedriverVersion: 137.0.7151.119 (e0ac9d12dff..., userDataDir: C:\Users\Naveen\AppData\Loc...}, fedcm:accounts: true, goog:chromeOptions: {debuggerAddress: localhost:52474}, networkConnectionEnabled: false, pageLoadStrategy: normal, platformName: windows, proxy: Proxy(), se:cdp: ws://localhost:52474/devtoo..., se:cdpVersion: 137.0.7151.120, setWindowRect: true, strictFileInteractability: false, timeouts: {implicit: 0, pageLoad: 300000, script: 30000}, unhandledPromptBehavior: dismiss and notify, webauthn:extension:credBlob: true, webauthn:extension:largeBlob: true, webauthn:extension:minPinLength: true, webauthn:extension:prf: true, webauthn:virtualAuthenticators: true}
Element: [[ChromeDriver: chrome on windows (f4206ca321010faf2f93dbb649190980)] -> xpath: (//h4[@class='a-alert-heading'])[1]]
Session ID: f4206ca321010faf2f93dbb649190980
at org.openqa.selenium.remote.ErrorCodec.decode(ErrorCodec.java:167)
at org.openqa.selenium.remote.codec.w3c.W3CHttpResponseCodec.decode(W3CHttpResponseCodec.java:138)
at org.openqa.selenium.remote.codec.w3c.W3CHttpResponseCodec.decode(W3CHttpResponseCodec.java:50)
at org.openqa.selenium.remote.HttpCommandExecutor.execute(HttpCommandExecutor.java:215)
at org.openqa.selenium.remote.service.DriverCommandExecutor.invokeExecute(DriverCommandExecutor.java:216)
at org.openqa.selenium.remote.service.DriverCommandExecutor.execute(DriverCommandExecutor.java:174)
at org.openqa.selenium.remote.RemoteWebDriver.execute(RemoteWebDriver.java:545)
at org.openqa.selenium.remote.RemoteWebElement.execute(RemoteWebElement.java:223)
at org.openqa.selenium.remote.RemoteWebElement.getText(RemoteWebElement.java:191)
at org.openqa.selenium.support.pagefactory.internal.LocatingElementHandler.invoke(LocatingElementHandler.java:51)
at jdk.proxy2/jdk.proxy2.$Proxy12.getText(Unknown Source)
at MavenPackage1.AmazonProject.loginPage.invalilogin(loginPage.java:76)
at MavenPackage1.AmazonProject.TC03_loginwithInValidCredentials.loginwithinvalidcredentials(TC03_loginwithInValidCredentials.java:23)
at java.base/java.util.ArrayList.forEach(ArrayList.java:1597)
... Removed 34 stack frames]]>
    </failure>
  </testcase> <!-- loginwithinvalidcredentials -->
  <testcase classname="MavenPackage1.AmazonProject.TC12_PaymentMethods" name="Payment" time="25.244"/>
  <testcase classname="MavenPackage1.AmazonProject.TC04_AccountInformation" name="editaccountdetails" time="20.255"/>
  <testcase classname="MavenPackage1.AmazonProject.TC15_withoutlogin" name="withoutloginreachcartpage" time="6.893"/>
  <testcase classname="MavenPackage1.AmazonProject.TC14_fivestarrating" name="fivestarrating" time="16.14"/>
  <testcase classname="MavenPackage1.AmazonProject.TC07_productdetails" name="productdetails" time="20.723"/>
  <testcase classname="MavenPackage1.AmazonProject.TC13_couponcode" name="couponcode" time="42.397">
    <skipped/>
  </testcase> <!-- couponcode -->
  <testcase classname="MavenPackage1.AmazonProject.TC13_couponcode" name="couponcode" time="44.222">
    <skipped/>
  </testcase> <!-- couponcode -->
  <testcase classname="MavenPackage1.AmazonProject.TC13_couponcode" name="couponcode" time="42.372">
    <failure type="org.openqa.selenium.TimeoutException" message="Expected condition failed: waiting for visibility of Proxy element for: DefaultElementLocator &amp;apos;By.xpath: 	//input[@type=&amp;apos;radio&amp;apos; and contains(@value, &amp;apos;APB&amp;apos;)]&amp;apos; (tried for 10 second(s) with 500 milliseconds interval)">
      <![CDATA[org.openqa.selenium.TimeoutException: Expected condition failed: waiting for visibility of Proxy element for: DefaultElementLocator 'By.xpath: //input[@type='radio' and contains(@value, 'APB')]' (tried for 10 second(s) with 500 milliseconds interval)
at org.openqa.selenium.support.ui.WebDriverWait.timeoutException(WebDriverWait.java:84)
at org.openqa.selenium.support.ui.FluentWait.until(FluentWait.java:228)
at MavenPackage1.AmazonProject.paymentpage.couponcode(paymentpage.java:46)
at MavenPackage1.AmazonProject.TC13_couponcode.couponcode(TC13_couponcode.java:38)
at java.base/java.util.ArrayList.forEach(ArrayList.java:1597)
Caused by: org.openqa.selenium.NoSuchElementException: no such element: Unable to locate element: {"method":"xpath","selector":"//input[@type='radio' and contains(@value, 'APB')]"}
  (Session info: chrome=137.0.7151.120)
For documentation on this error, please visit: https://www.selenium.dev/documentation/webdriver/troubleshooting/errors#no-such-element-exception
Build info: version: '4.32.0', revision: 'd17c8aa950'
System info: os.name: 'Windows 10', os.arch: 'amd64', os.version: '10.0', java.version: '23.0.2'
Driver info: org.openqa.selenium.chrome.ChromeDriver
Command: [c5f5248c4e560a9f0cc637d1472fb3b2, findElement {value=//input[@type='radio' and contains(@value, 'APB')], using=xpath}]
Capabilities {acceptInsecureCerts: false, browserName: chrome, browserVersion: 137.0.7151.120, chrome: {chromedriverVersion: 137.0.7151.119 (e0ac9d12dff..., userDataDir: C:\Users\Naveen\AppData\Loc...}, fedcm:accounts: true, goog:chromeOptions: {debuggerAddress: localhost:53274}, networkConnectionEnabled: false, pageLoadStrategy: normal, platformName: windows, proxy: Proxy(), se:cdp: ws://localhost:53274/devtoo..., se:cdpVersion: 137.0.7151.120, setWindowRect: true, strictFileInteractability: false, timeouts: {implicit: 0, pageLoad: 300000, script: 30000}, unhandledPromptBehavior: dismiss and notify, webauthn:extension:credBlob: true, webauthn:extension:largeBlob: true, webauthn:extension:minPinLength: true, webauthn:extension:prf: true, webauthn:virtualAuthenticators: true}
Session ID: c5f5248c4e560a9f0cc637d1472fb3b2
at org.openqa.selenium.remote.ErrorCodec.decode(ErrorCodec.java:167)
at org.openqa.selenium.remote.codec.w3c.W3CHttpResponseCodec.decode(W3CHttpResponseCodec.java:138)
at org.openqa.selenium.remote.codec.w3c.W3CHttpResponseCodec.decode(W3CHttpResponseCodec.java:50)
at org.openqa.selenium.remote.HttpCommandExecutor.execute(HttpCommandExecutor.java:215)
at org.openqa.selenium.remote.service.DriverCommandExecutor.invokeExecute(DriverCommandExecutor.java:216)
at org.openqa.selenium.remote.service.DriverCommandExecutor.execute(DriverCommandExecutor.java:174)
at org.openqa.selenium.remote.RemoteWebDriver.execute(RemoteWebDriver.java:545)
at org.openqa.selenium.remote.ElementLocation$ElementFinder$2.findElement(ElementLocation.java:165)
at org.openqa.selenium.remote.ElementLocation.findElement(ElementLocation.java:59)
at org.openqa.selenium.remote.RemoteWebDriver.findElement(RemoteWebDriver.java:368)
at org.openqa.selenium.remote.RemoteWebDriver.findElement(RemoteWebDriver.java:362)
at org.openqa.selenium.support.pagefactory.DefaultElementLocator.findElement(DefaultElementLocator.java:68)
at org.openqa.selenium.support.pagefactory.internal.LocatingElementHandler.invoke(LocatingElementHandler.java:38)
at jdk.proxy2/jdk.proxy2.$Proxy12.isDisplayed(Unknown Source)
at org.openqa.selenium.support.ui.ExpectedConditions.elementIfVisible(ExpectedConditions.java:304)
at org.openqa.selenium.support.ui.ExpectedConditions$10.apply(ExpectedConditions.java:290)
at org.openqa.selenium.support.ui.ExpectedConditions$10.apply(ExpectedConditions.java:287)
at org.openqa.selenium.support.ui.FluentWait.until(FluentWait.java:203)
... 32 more
... Removed 32 stack frames]]>
    </failure>
  </testcase> <!-- couponcode -->
  <testcase classname="MavenPackage1.AmazonProject.TC02_loginwithValidCredentials" name="loginwithvalidcredentials" time="7.941"/>
  <testcase classname="MavenPackage1.AmazonProject.TC09_addtocart" name="addtocart" time="18.226"/>
</testsuite> <!-- Testing on Edge browser -->
