<?xml version="1.0" encoding="UTF-8"?>
<testng-results retried="2" ignored="2" total="18" passed="12" failed="2" skipped="0">
  <reporter-output>
    <line>
      <![CDATA[]]>
    </line>
    <line>
      <![CDATA[User Name:8152999644]]>
    </line>
    <line>
      <![CDATA[User Entered Password]]>
    </line>
    <line>
      <![CDATA[Login successful with User Name:Hello, Jyoti]]>
    </line>
    <line>
      <![CDATA[Searchbar is visible and able to search Toys for 3 year kid]]>
    </line>
    <line>
      <![CDATA[No of item present in cart Before:0]]>
    </line>
    <line>
      <![CDATA[Add to cart button is clickable]]>
    </line>
    <line>
      <![CDATA[Cart count After product added to the cart: 1]]>
    </line>
    <line>
      <![CDATA[Add to cart container is clickable]]>
    </line>
    <line>
      <![CDATA[Product is deleted]]>
    </line>
    <line>
      <![CDATA[Cart count After product deleted to the cart: 0]]>
    </line>
    <line>
      <![CDATA[Listener:Test is Pass]]>
    </line>
    <line>
      <![CDATA[]]>
    </line>
    <line>
      <![CDATA[User Name:8152999644]]>
    </line>
    <line>
      <![CDATA[User Entered Password]]>
    </line>
    <line>
      <![CDATA[Login successful with User Name:Hello, Jyoti]]>
    </line>
    <line>
      <![CDATA[Searchbar is visible and able to search Shoes]]>
    </line>
    <line>
      <![CDATA[Price: Low to High is selected]]>
    </line>
    <line>
      <![CDATA[Price: High to Low is selected]]>
    </line>
    <line>
      <![CDATA[Avg. Customer Review is selected]]>
    </line>
    <line>
      <![CDATA[Best Sellers is selected]]>
    </line>
    <line>
      <![CDATA[Listener:Test is Pass]]>
    </line>
    <line>
      <![CDATA[]]>
    </line>
    <line>
      <![CDATA[User Name:8152999644]]>
    </line>
    <line>
      <![CDATA[User Entered Password]]>
    </line>
    <line>
      <![CDATA[Login successful with User Name:Hello, Jyoti]]>
    </line>
    <line>
      <![CDATA[Searchbar is visible and able to search Toys]]>
    </line>
    <line>
      <![CDATA[Listener:Test is Pass]]>
    </line>
    <line>
      <![CDATA[]]>
    </line>
    <line>
      <![CDATA[User Name:8152999644]]>
    </line>
    <line>
      <![CDATA[User Entered Password]]>
    </line>
    <line>
      <![CDATA[Login successful with User Name:Hello, Jyoti]]>
    </line>
    <line>
      <![CDATA[Searchbar is visible and able to search Toys for 3 year kid]]>
    </line>
    <line>
      <![CDATA[No of item present in cart Before:0]]>
    </line>
    <line>
      <![CDATA[Add to cart button is clickable]]>
    </line>
    <line>
      <![CDATA[Cart count After product added to the cart: 1]]>
    </line>
    <line>
      <![CDATA[Add to cart container is clickable]]>
    </line>
    <line>
      <![CDATA[Listener:Test is Pass]]>
    </line>
    <line>
      <![CDATA[]]>
    </line>
    <line>
      <![CDATA[User Name:8152999644]]>
    </line>
    <line>
      <![CDATA[User Entered Password]]>
    </line>
    <line>
      <![CDATA[Login successful with User Name:Hello, Jyoti]]>
    </line>
    <line>
      <![CDATA[Searchbar is visible and able to search Shoes]]>
    </line>
    <line>
      <![CDATA[Puma is selected]]>
    </line>
    <line>
      <![CDATA[₹500 - ₹700  price is selected]]>
    </line>
    <line>
      <![CDATA[Listener:Test is Pass]]>
    </line>
    <line>
      <![CDATA[]]>
    </line>
    <line>
      <![CDATA[User Name:8152999644]]>
    </line>
    <line>
      <![CDATA[User Entered Password]]>
    </line>
    <line>
      <![CDATA[Listener:Test is Fail]]>
    </line>
    <line>
      <![CDATA[]]>
    </line>
    <line>
      <![CDATA[User Name:8152999644]]>
    </line>
    <line>
      <![CDATA[User Entered Password]]>
    </line>
    <line>
      <![CDATA[Login successful with User Name:Hello, Jyoti]]>
    </line>
    <line>
      <![CDATA[Searchbar is visible and able to search Toys for 3 year kid]]>
    </line>
    <line>
      <![CDATA[No of item present in cart Before:1]]>
    </line>
    <line>
      <![CDATA[Add to cart button is clickable]]>
    </line>
    <line>
      <![CDATA[Cart count After product added to the cart: 2]]>
    </line>
    <line>
      <![CDATA[Add to cart container is clickable]]>
    </line>
    <line>
      <![CDATA[Total payment options : 5]]>
    </line>
    <line>
      <![CDATA[Payment option 0 is clickable]]>
    </line>
    <line>
      <![CDATA[Payment option 1 is clickable]]>
    </line>
    <line>
      <![CDATA[Payment option 2 is clickable]]>
    </line>
    <line>
      <![CDATA[Payment option 3 is clickable]]>
    </line>
    <line>
      <![CDATA[Payment option 4 is clickable]]>
    </line>
    <line>
      <![CDATA[Listener:Test is Pass]]>
    </line>
    <line>
      <![CDATA[]]>
    </line>
    <line>
      <![CDATA[User Name:8152999644]]>
    </line>
    <line>
      <![CDATA[User Entered Password]]>
    </line>
    <line>
      <![CDATA[Login successful with User Name:Hello, Jyoti]]>
    </line>
    <line>
      <![CDATA[Verified the page title is : Your Account]]>
    </line>
    <line>
      <![CDATA[In Accounct Name updated. successfully]]>
    </line>
    <line>
      <![CDATA[Listener:Test is Pass]]>
    </line>
    <line>
      <![CDATA[Searchbar is visible and able to search Toys for 3 year kid]]>
    </line>
    <line>
      <![CDATA[No of item present in cart Before:0]]>
    </line>
    <line>
      <![CDATA[Add to cart button is clickable]]>
    </line>
    <line>
      <![CDATA[Add to cart container is clickable]]>
    </line>
    <line>
      <![CDATA[Listener:Test is Pass]]>
    </line>
    <line>
      <![CDATA[]]>
    </line>
    <line>
      <![CDATA[User Name:avvannavarjyoti@gmail.com]]>
    </line>
    <line>
      <![CDATA[User Entered Password]]>
    </line>
    <line>
      <![CDATA[Login successful with User Name:Hello, Naveen]]>
    </line>
    <line>
      <![CDATA[Verified the page title is : Your Orders]]>
    </line>
    <line>
      <![CDATA[Click on 5star rating]]>
    </line>
    <line>
      <![CDATA[Listener:Test is Pass]]>
    </line>
    <line>
      <![CDATA[]]>
    </line>
    <line>
      <![CDATA[User Name:8152999644]]>
    </line>
    <line>
      <![CDATA[User Entered Password]]>
    </line>
    <line>
      <![CDATA[Login successful with User Name:Hello, Jyoti]]>
    </line>
    <line>
      <![CDATA[Searchbar is visible and able to search Shoes]]>
    </line>
    <line>
      <![CDATA[Rating of product is : 3.2]]>
    </line>
    <line>
      <![CDATA[Selected Product Price is : 974]]>
    </line>
    <line>
      <![CDATA[Product description displayed : Product details]]>
    </line>
    <line>
      <![CDATA[Listener:Test is Pass]]>
    </line>
    <line>
      <![CDATA[]]>
    </line>
    <line>
      <![CDATA[User Name:8152999644]]>
    </line>
    <line>
      <![CDATA[User Entered Password]]>
    </line>
    <line>
      <![CDATA[Login successful with User Name:Hello, Jyoti]]>
    </line>
    <line>
      <![CDATA[Searchbar is visible and able to search Toys]]>
    </line>
    <line>
      <![CDATA[No of item present in cart Before:2]]>
    </line>
    <line>
      <![CDATA[Add to cart button is clickable]]>
    </line>
    <line>
      <![CDATA[Cart count After product added to the cart: 3]]>
    </line>
    <line>
      <![CDATA[Add to cart container is clickable]]>
    </line>
    <line>
      <![CDATA[]]>
    </line>
    <line>
      <![CDATA[User Name:8152999644]]>
    </line>
    <line>
      <![CDATA[User Entered Password]]>
    </line>
    <line>
      <![CDATA[Login successful with User Name:Hello, Jyoti]]>
    </line>
    <line>
      <![CDATA[Searchbar is visible and able to search Toys]]>
    </line>
    <line>
      <![CDATA[No of item present in cart Before:3]]>
    </line>
    <line>
      <![CDATA[Add to cart button is clickable]]>
    </line>
    <line>
      <![CDATA[Cart count After product added to the cart: 4]]>
    </line>
    <line>
      <![CDATA[Add to cart container is clickable]]>
    </line>
    <line>
      <![CDATA[]]>
    </line>
    <line>
      <![CDATA[User Name:8152999644]]>
    </line>
    <line>
      <![CDATA[User Entered Password]]>
    </line>
    <line>
      <![CDATA[Login successful with User Name:Hello, Jyoti]]>
    </line>
    <line>
      <![CDATA[Searchbar is visible and able to search Toys]]>
    </line>
    <line>
      <![CDATA[No of item present in cart Before:4]]>
    </line>
    <line>
      <![CDATA[Add to cart button is clickable]]>
    </line>
    <line>
      <![CDATA[Cart count After product added to the cart: 5]]>
    </line>
    <line>
      <![CDATA[Add to cart container is clickable]]>
    </line>
    <line>
      <![CDATA[Listener:Test is Fail]]>
    </line>
    <line>
      <![CDATA[]]>
    </line>
    <line>
      <![CDATA[User Name:8152999644]]>
    </line>
    <line>
      <![CDATA[User Entered Password]]>
    </line>
    <line>
      <![CDATA[Login successful with User Name:Hello, Jyoti]]>
    </line>
    <line>
      <![CDATA[Listener:Test is Pass]]>
    </line>
    <line>
      <![CDATA[]]>
    </line>
    <line>
      <![CDATA[User Name:8152999644]]>
    </line>
    <line>
      <![CDATA[User Entered Password]]>
    </line>
    <line>
      <![CDATA[Login successful with User Name:Hello, Jyoti]]>
    </line>
    <line>
      <![CDATA[Searchbar is visible and able to search Toys for 3 year kid]]>
    </line>
    <line>
      <![CDATA[No of item present in cart Before:5]]>
    </line>
    <line>
      <![CDATA[Add to cart button is clickable]]>
    </line>
    <line>
      <![CDATA[Cart count After product added to the cart: 6]]>
    </line>
    <line>
      <![CDATA[Listener:Test is Pass]]>
    </line>
  </reporter-output>
  <suite started-at="2025-06-24T17:49:17 IST" name="AmazonProjectTestSuite" finished-at="2025-06-24T18:00:14 IST" duration-ms="657067">
    <groups>
    </groups>
    <test started-at="2025-06-24T17:49:17 IST" name="Testing on Edge browser" finished-at="2025-06-24T18:00:14 IST" duration-ms="657067">
      <class name="MavenPackage1.AmazonProject.TC15_withoutlogin">
        <test-method is-config="true" signature="launchbrowser()[pri:0, instance:MavenPackage1.AmazonProject.TC15_withoutlogin@71d44a3]" started-at="2025-06-24T17:54:41 IST" name="launchbrowser" finished-at="2025-06-24T17:54:55 IST" duration-ms="14239" status="PASS">
          <reporter-output>
          </reporter-output>
        </test-method> <!-- launchbrowser -->
        <test-method signature="withoutloginreachcartpage()[pri:0, instance:MavenPackage1.AmazonProject.TC15_withoutlogin@71d44a3]" started-at="2025-06-24T17:54:55 IST" name="withoutloginreachcartpage" finished-at="2025-06-24T17:55:02 IST" duration-ms="6893" status="PASS">
          <reporter-output>
            <line>
              <![CDATA[Searchbar is visible and able to search Toys for 3 year kid]]>
            </line>
            <line>
              <![CDATA[No of item present in cart Before:0]]>
            </line>
            <line>
              <![CDATA[Add to cart button is clickable]]>
            </line>
            <line>
              <![CDATA[Add to cart container is clickable]]>
            </line>
            <line>
              <![CDATA[Listener:Test is Pass]]>
            </line>
          </reporter-output>
        </test-method> <!-- withoutloginreachcartpage -->
        <test-method is-config="true" signature="quitbrowser()[pri:0, instance:MavenPackage1.AmazonProject.TC15_withoutlogin@71d44a3]" started-at="2025-06-24T17:55:03 IST" name="quitbrowser" finished-at="2025-06-24T17:55:07 IST" duration-ms="3985" status="PASS">
          <reporter-output>
          </reporter-output>
        </test-method> <!-- quitbrowser -->
      </class> <!-- MavenPackage1.AmazonProject.TC15_withoutlogin -->
      <class name="MavenPackage1.AmazonProject.TC09_addtocart">
        <test-method is-config="true" signature="launchbrowser()[pri:0, instance:MavenPackage1.AmazonProject.TC09_addtocart@65fb9ffc]" started-at="2025-06-24T17:59:39 IST" name="launchbrowser" finished-at="2025-06-24T17:59:50 IST" duration-ms="10924" status="PASS">
          <reporter-output>
          </reporter-output>
        </test-method> <!-- launchbrowser -->
        <test-method signature="addtocart()[pri:0, instance:MavenPackage1.AmazonProject.TC09_addtocart@65fb9ffc]" started-at="2025-06-24T17:59:50 IST" name="addtocart" finished-at="2025-06-24T18:00:09 IST" duration-ms="18226" status="PASS">
          <reporter-output>
            <line>
              <![CDATA[]]>
            </line>
            <line>
              <![CDATA[User Name:8152999644]]>
            </line>
            <line>
              <![CDATA[User Entered Password]]>
            </line>
            <line>
              <![CDATA[Login successful with User Name:Hello, Jyoti]]>
            </line>
            <line>
              <![CDATA[Searchbar is visible and able to search Toys for 3 year kid]]>
            </line>
            <line>
              <![CDATA[No of item present in cart Before:5]]>
            </line>
            <line>
              <![CDATA[Add to cart button is clickable]]>
            </line>
            <line>
              <![CDATA[Cart count After product added to the cart: 6]]>
            </line>
            <line>
              <![CDATA[Listener:Test is Pass]]>
            </line>
          </reporter-output>
        </test-method> <!-- addtocart -->
        <test-method is-config="true" signature="quitbrowser()[pri:0, instance:MavenPackage1.AmazonProject.TC09_addtocart@65fb9ffc]" started-at="2025-06-24T18:00:09 IST" name="quitbrowser" finished-at="2025-06-24T18:00:14 IST" duration-ms="5441" status="PASS">
          <reporter-output>
          </reporter-output>
        </test-method> <!-- quitbrowser -->
      </class> <!-- MavenPackage1.AmazonProject.TC09_addtocart -->
      <class name="MavenPackage1.AmazonProject.TC14_fivestarrating">
        <test-method is-config="true" signature="launchbrowser()[pri:0, instance:MavenPackage1.AmazonProject.TC14_fivestarrating@7b98f307]" started-at="2025-06-24T17:55:07 IST" name="launchbrowser" finished-at="2025-06-24T17:55:21 IST" duration-ms="14238" status="PASS">
          <reporter-output>
          </reporter-output>
        </test-method> <!-- launchbrowser -->
        <test-method signature="fivestarrating()[pri:0, instance:MavenPackage1.AmazonProject.TC14_fivestarrating@7b98f307]" started-at="2025-06-24T17:55:21 IST" name="fivestarrating" finished-at="2025-06-24T17:55:37 IST" duration-ms="16140" status="PASS">
          <reporter-output>
            <line>
              <![CDATA[]]>
            </line>
            <line>
              <![CDATA[User Name:avvannavarjyoti@gmail.com]]>
            </line>
            <line>
              <![CDATA[User Entered Password]]>
            </line>
            <line>
              <![CDATA[Login successful with User Name:Hello, Naveen]]>
            </line>
            <line>
              <![CDATA[Verified the page title is : Your Orders]]>
            </line>
            <line>
              <![CDATA[Click on 5star rating]]>
            </line>
            <line>
              <![CDATA[Listener:Test is Pass]]>
            </line>
          </reporter-output>
        </test-method> <!-- fivestarrating -->
        <test-method is-config="true" signature="quitbrowser()[pri:0, instance:MavenPackage1.AmazonProject.TC14_fivestarrating@7b98f307]" started-at="2025-06-24T17:55:37 IST" name="quitbrowser" finished-at="2025-06-24T17:55:42 IST" duration-ms="4572" status="PASS">
          <reporter-output>
          </reporter-output>
        </test-method> <!-- quitbrowser -->
      </class> <!-- MavenPackage1.AmazonProject.TC14_fivestarrating -->
      <class name="MavenPackage1.AmazonProject.TC04_AccountInformation">
        <test-method is-config="true" signature="launchbrowser()[pri:0, instance:MavenPackage1.AmazonProject.TC04_AccountInformation@73a1e9a9]" started-at="2025-06-24T17:54:02 IST" name="launchbrowser" finished-at="2025-06-24T17:54:16 IST" duration-ms="13890" status="PASS">
          <reporter-output>
          </reporter-output>
        </test-method> <!-- launchbrowser -->
        <test-method signature="editaccountdetails()[pri:0, instance:MavenPackage1.AmazonProject.TC04_AccountInformation@73a1e9a9]" started-at="2025-06-24T17:54:16 IST" name="editaccountdetails" finished-at="2025-06-24T17:54:37 IST" duration-ms="20255" status="PASS">
          <reporter-output>
            <line>
              <![CDATA[]]>
            </line>
            <line>
              <![CDATA[User Name:8152999644]]>
            </line>
            <line>
              <![CDATA[User Entered Password]]>
            </line>
            <line>
              <![CDATA[Login successful with User Name:Hello, Jyoti]]>
            </line>
            <line>
              <![CDATA[Verified the page title is : Your Account]]>
            </line>
            <line>
              <![CDATA[In Accounct Name updated. successfully]]>
            </line>
            <line>
              <![CDATA[Listener:Test is Pass]]>
            </line>
          </reporter-output>
        </test-method> <!-- editaccountdetails -->
        <test-method is-config="true" signature="quitbrowser()[pri:0, instance:MavenPackage1.AmazonProject.TC04_AccountInformation@73a1e9a9]" started-at="2025-06-24T17:54:37 IST" name="quitbrowser" finished-at="2025-06-24T17:54:41 IST" duration-ms="4545" status="PASS">
          <reporter-output>
          </reporter-output>
        </test-method> <!-- quitbrowser -->
      </class> <!-- MavenPackage1.AmazonProject.TC04_AccountInformation -->
      <class name="MavenPackage1.AmazonProject.TC07_productdetails">
        <test-method is-config="true" signature="launchbrowser()[pri:0, instance:MavenPackage1.AmazonProject.TC07_productdetails@4802796d]" started-at="2025-06-24T17:55:42 IST" name="launchbrowser" finished-at="2025-06-24T17:56:02 IST" duration-ms="20037" status="PASS">
          <reporter-output>
          </reporter-output>
        </test-method> <!-- launchbrowser -->
        <test-method signature="productdetails()[pri:0, instance:MavenPackage1.AmazonProject.TC07_productdetails@4802796d]" started-at="2025-06-24T17:56:02 IST" name="productdetails" finished-at="2025-06-24T17:56:23 IST" duration-ms="20723" status="PASS">
          <reporter-output>
            <line>
              <![CDATA[]]>
            </line>
            <line>
              <![CDATA[User Name:8152999644]]>
            </line>
            <line>
              <![CDATA[User Entered Password]]>
            </line>
            <line>
              <![CDATA[Login successful with User Name:Hello, Jyoti]]>
            </line>
            <line>
              <![CDATA[Searchbar is visible and able to search Shoes]]>
            </line>
            <line>
              <![CDATA[Rating of product is : 3.2]]>
            </line>
            <line>
              <![CDATA[Selected Product Price is : 974]]>
            </line>
            <line>
              <![CDATA[Product description displayed : Product details]]>
            </line>
            <line>
              <![CDATA[Listener:Test is Pass]]>
            </line>
          </reporter-output>
        </test-method> <!-- productdetails -->
        <test-method is-config="true" signature="quitbrowser()[pri:0, instance:MavenPackage1.AmazonProject.TC07_productdetails@4802796d]" started-at="2025-06-24T17:56:23 IST" name="quitbrowser" finished-at="2025-06-24T17:56:27 IST" duration-ms="3772" status="PASS">
          <reporter-output>
          </reporter-output>
        </test-method> <!-- quitbrowser -->
      </class> <!-- MavenPackage1.AmazonProject.TC07_productdetails -->
      <class name="MavenPackage1.AmazonProject.TC13_couponcode">
        <test-method is-config="true" signature="launchbrowser()[pri:0, instance:MavenPackage1.AmazonProject.TC13_couponcode@34123d65]" started-at="2025-06-24T17:56:27 IST" name="launchbrowser" finished-at="2025-06-24T17:56:36 IST" duration-ms="9669" status="PASS">
          <reporter-output>
          </reporter-output>
        </test-method> <!-- launchbrowser -->
        <test-method retried="true" signature="couponcode()[pri:0, instance:MavenPackage1.AmazonProject.TC13_couponcode@34123d65]" started-at="2025-06-24T17:56:36 IST" name="couponcode" finished-at="2025-06-24T17:57:19 IST" duration-ms="42397" status="SKIP">
          <exception class="org.openqa.selenium.TimeoutException">
            <message>
              <![CDATA[Expected condition failed: waiting for visibility of Proxy element for: DefaultElementLocator 'By.xpath: //input[@type='radio' and contains(@value, 'APB')]' (tried for 10 second(s) with 500 milliseconds interval)]]>
            </message>
            <full-stacktrace>
              <![CDATA[org.openqa.selenium.TimeoutException: Expected condition failed: waiting for visibility of Proxy element for: DefaultElementLocator 'By.xpath: //input[@type='radio' and contains(@value, 'APB')]' (tried for 10 second(s) with 500 milliseconds interval)
at org.openqa.selenium.support.ui.WebDriverWait.timeoutException(WebDriverWait.java:84)
at org.openqa.selenium.support.ui.FluentWait.until(FluentWait.java:228)
at MavenPackage1.AmazonProject.paymentpage.couponcode(paymentpage.java:46)
at MavenPackage1.AmazonProject.TC13_couponcode.couponcode(TC13_couponcode.java:38)
at java.base/jdk.internal.reflect.DirectMethodHandleAccessor.invoke(DirectMethodHandleAccessor.java:103)
at java.base/java.lang.reflect.Method.invoke(Method.java:580)
at org.testng.internal.invokers.MethodInvocationHelper.invokeMethod(MethodInvocationHelper.java:141)
at org.testng.internal.invokers.TestInvoker.invokeMethod(TestInvoker.java:686)
at org.testng.internal.invokers.TestInvoker.invokeTestMethod(TestInvoker.java:230)
at org.testng.internal.invokers.MethodRunner.runInSequence(MethodRunner.java:63)
at org.testng.internal.invokers.TestInvoker$MethodInvocationAgent.invoke(TestInvoker.java:992)
at org.testng.internal.invokers.TestInvoker.invokeTestMethods(TestInvoker.java:203)
at org.testng.internal.invokers.TestMethodWorker.invokeTestMethods(TestMethodWorker.java:154)
at org.testng.internal.invokers.TestMethodWorker.run(TestMethodWorker.java:134)
at java.base/java.util.ArrayList.forEach(ArrayList.java:1597)
at org.testng.TestRunner.privateRun(TestRunner.java:739)
at org.testng.TestRunner.run(TestRunner.java:614)
at org.testng.SuiteRunner.runTest(SuiteRunner.java:421)
at org.testng.SuiteRunner.runSequentially(SuiteRunner.java:413)
at org.testng.SuiteRunner.privateRun(SuiteRunner.java:373)
at org.testng.SuiteRunner.run(SuiteRunner.java:312)
at org.testng.SuiteRunnerWorker.runSuite(SuiteRunnerWorker.java:52)
at org.testng.SuiteRunnerWorker.run(SuiteRunnerWorker.java:95)
at org.testng.TestNG.runSuitesSequentially(TestNG.java:1274)
at org.testng.TestNG.runSuitesLocally(TestNG.java:1208)
at org.testng.TestNG.runSuites(TestNG.java:1112)
at org.testng.TestNG.run(TestNG.java:1079)
at org.apache.maven.surefire.testng.TestNGExecutor.run(TestNGExecutor.java:308)
at org.apache.maven.surefire.testng.TestNGXmlTestSuite.execute(TestNGXmlTestSuite.java:71)
at org.apache.maven.surefire.testng.TestNGProvider.invoke(TestNGProvider.java:113)
at org.apache.maven.surefire.booter.ForkedBooter.runSuitesInProcess(ForkedBooter.java:385)
at org.apache.maven.surefire.booter.ForkedBooter.execute(ForkedBooter.java:162)
at org.apache.maven.surefire.booter.ForkedBooter.run(ForkedBooter.java:507)
at org.apache.maven.surefire.booter.ForkedBooter.main(ForkedBooter.java:495)
Caused by: org.openqa.selenium.NoSuchElementException: no such element: Unable to locate element: {"method":"xpath","selector":"//input[@type='radio' and contains(@value, 'APB')]"}
  (Session info: chrome=137.0.7151.120)
For documentation on this error, please visit: https://www.selenium.dev/documentation/webdriver/troubleshooting/errors#no-such-element-exception
Build info: version: '4.32.0', revision: 'd17c8aa950'
System info: os.name: 'Windows 10', os.arch: 'amd64', os.version: '10.0', java.version: '23.0.2'
Driver info: org.openqa.selenium.chrome.ChromeDriver
Command: [888350a30b6a1b94a32b2a0ee5ea5b55, findElement {value=//input[@type='radio' and contains(@value, 'APB')], using=xpath}]
Capabilities {acceptInsecureCerts: false, browserName: chrome, browserVersion: 137.0.7151.120, chrome: {chromedriverVersion: 137.0.7151.119 (e0ac9d12dff..., userDataDir: C:\Users\Naveen\AppData\Loc...}, fedcm:accounts: true, goog:chromeOptions: {debuggerAddress: localhost:53055}, networkConnectionEnabled: false, pageLoadStrategy: normal, platformName: windows, proxy: Proxy(), se:cdp: ws://localhost:53055/devtoo..., se:cdpVersion: 137.0.7151.120, setWindowRect: true, strictFileInteractability: false, timeouts: {implicit: 0, pageLoad: 300000, script: 30000}, unhandledPromptBehavior: dismiss and notify, webauthn:extension:credBlob: true, webauthn:extension:largeBlob: true, webauthn:extension:minPinLength: true, webauthn:extension:prf: true, webauthn:virtualAuthenticators: true}
Session ID: 888350a30b6a1b94a32b2a0ee5ea5b55
at java.base/jdk.internal.reflect.DirectConstructorHandleAccessor.newInstance(DirectConstructorHandleAccessor.java:62)
at java.base/java.lang.reflect.Constructor.newInstanceWithCaller(Constructor.java:501)
at java.base/java.lang.reflect.Constructor.newInstance(Constructor.java:485)
at org.openqa.selenium.remote.ErrorCodec.decode(ErrorCodec.java:167)
at org.openqa.selenium.remote.codec.w3c.W3CHttpResponseCodec.decode(W3CHttpResponseCodec.java:138)
at org.openqa.selenium.remote.codec.w3c.W3CHttpResponseCodec.decode(W3CHttpResponseCodec.java:50)
at org.openqa.selenium.remote.HttpCommandExecutor.execute(HttpCommandExecutor.java:215)
at org.openqa.selenium.remote.service.DriverCommandExecutor.invokeExecute(DriverCommandExecutor.java:216)
at org.openqa.selenium.remote.service.DriverCommandExecutor.execute(DriverCommandExecutor.java:174)
at org.openqa.selenium.remote.RemoteWebDriver.execute(RemoteWebDriver.java:545)
at org.openqa.selenium.remote.ElementLocation$ElementFinder$2.findElement(ElementLocation.java:165)
at org.openqa.selenium.remote.ElementLocation.findElement(ElementLocation.java:59)
at org.openqa.selenium.remote.RemoteWebDriver.findElement(RemoteWebDriver.java:368)
at org.openqa.selenium.remote.RemoteWebDriver.findElement(RemoteWebDriver.java:362)
at org.openqa.selenium.support.pagefactory.DefaultElementLocator.findElement(DefaultElementLocator.java:68)
at org.openqa.selenium.support.pagefactory.internal.LocatingElementHandler.invoke(LocatingElementHandler.java:38)
at jdk.proxy2/jdk.proxy2.$Proxy12.isDisplayed(Unknown Source)
at org.openqa.selenium.support.ui.ExpectedConditions.elementIfVisible(ExpectedConditions.java:304)
at org.openqa.selenium.support.ui.ExpectedConditions$10.apply(ExpectedConditions.java:290)
at org.openqa.selenium.support.ui.ExpectedConditions$10.apply(ExpectedConditions.java:287)
at org.openqa.selenium.support.ui.FluentWait.until(FluentWait.java:203)
... 32 more
]]>
            </full-stacktrace>
          </exception> <!-- org.openqa.selenium.TimeoutException -->
          <reporter-output>
            <line>
              <![CDATA[]]>
            </line>
            <line>
              <![CDATA[User Name:8152999644]]>
            </line>
            <line>
              <![CDATA[User Entered Password]]>
            </line>
            <line>
              <![CDATA[Login successful with User Name:Hello, Jyoti]]>
            </line>
            <line>
              <![CDATA[Searchbar is visible and able to search Toys]]>
            </line>
            <line>
              <![CDATA[No of item present in cart Before:2]]>
            </line>
            <line>
              <![CDATA[Add to cart button is clickable]]>
            </line>
            <line>
              <![CDATA[Cart count After product added to the cart: 3]]>
            </line>
            <line>
              <![CDATA[Add to cart container is clickable]]>
            </line>
          </reporter-output>
        </test-method> <!-- couponcode -->
        <test-method is-config="true" signature="quitbrowser()[pri:0, instance:MavenPackage1.AmazonProject.TC13_couponcode@34123d65]" started-at="2025-06-24T17:57:19 IST" name="quitbrowser" finished-at="2025-06-24T17:57:22 IST" duration-ms="3566" status="PASS">
          <reporter-output>
          </reporter-output>
        </test-method> <!-- quitbrowser -->
        <test-method is-config="true" signature="launchbrowser()[pri:0, instance:MavenPackage1.AmazonProject.TC13_couponcode@34123d65]" started-at="2025-06-24T17:57:22 IST" name="launchbrowser" finished-at="2025-06-24T17:57:32 IST" duration-ms="9411" status="PASS">
          <reporter-output>
          </reporter-output>
        </test-method> <!-- launchbrowser -->
        <test-method retried="true" signature="couponcode()[pri:0, instance:MavenPackage1.AmazonProject.TC13_couponcode@34123d65]" started-at="2025-06-24T17:57:32 IST" name="couponcode" finished-at="2025-06-24T17:58:16 IST" duration-ms="44222" status="SKIP">
          <exception class="org.openqa.selenium.TimeoutException">
            <message>
              <![CDATA[Expected condition failed: waiting for visibility of Proxy element for: DefaultElementLocator 'By.xpath: //input[@type='radio' and contains(@value, 'APB')]' (tried for 10 second(s) with 500 milliseconds interval)]]>
            </message>
            <full-stacktrace>
              <![CDATA[org.openqa.selenium.TimeoutException: Expected condition failed: waiting for visibility of Proxy element for: DefaultElementLocator 'By.xpath: //input[@type='radio' and contains(@value, 'APB')]' (tried for 10 second(s) with 500 milliseconds interval)
at org.openqa.selenium.support.ui.WebDriverWait.timeoutException(WebDriverWait.java:84)
at org.openqa.selenium.support.ui.FluentWait.until(FluentWait.java:228)
at MavenPackage1.AmazonProject.paymentpage.couponcode(paymentpage.java:46)
at MavenPackage1.AmazonProject.TC13_couponcode.couponcode(TC13_couponcode.java:38)
at java.base/jdk.internal.reflect.DirectMethodHandleAccessor.invoke(DirectMethodHandleAccessor.java:103)
at java.base/java.lang.reflect.Method.invoke(Method.java:580)
at org.testng.internal.invokers.MethodInvocationHelper.invokeMethod(MethodInvocationHelper.java:141)
at org.testng.internal.invokers.TestInvoker.invokeMethod(TestInvoker.java:686)
at org.testng.internal.invokers.TestInvoker.retryFailed(TestInvoker.java:269)
at org.testng.internal.invokers.MethodRunner.runInSequence(MethodRunner.java:76)
at org.testng.internal.invokers.TestInvoker$MethodInvocationAgent.invoke(TestInvoker.java:992)
at org.testng.internal.invokers.TestInvoker.invokeTestMethods(TestInvoker.java:203)
at org.testng.internal.invokers.TestMethodWorker.invokeTestMethods(TestMethodWorker.java:154)
at org.testng.internal.invokers.TestMethodWorker.run(TestMethodWorker.java:134)
at java.base/java.util.ArrayList.forEach(ArrayList.java:1597)
at org.testng.TestRunner.privateRun(TestRunner.java:739)
at org.testng.TestRunner.run(TestRunner.java:614)
at org.testng.SuiteRunner.runTest(SuiteRunner.java:421)
at org.testng.SuiteRunner.runSequentially(SuiteRunner.java:413)
at org.testng.SuiteRunner.privateRun(SuiteRunner.java:373)
at org.testng.SuiteRunner.run(SuiteRunner.java:312)
at org.testng.SuiteRunnerWorker.runSuite(SuiteRunnerWorker.java:52)
at org.testng.SuiteRunnerWorker.run(SuiteRunnerWorker.java:95)
at org.testng.TestNG.runSuitesSequentially(TestNG.java:1274)
at org.testng.TestNG.runSuitesLocally(TestNG.java:1208)
at org.testng.TestNG.runSuites(TestNG.java:1112)
at org.testng.TestNG.run(TestNG.java:1079)
at org.apache.maven.surefire.testng.TestNGExecutor.run(TestNGExecutor.java:308)
at org.apache.maven.surefire.testng.TestNGXmlTestSuite.execute(TestNGXmlTestSuite.java:71)
at org.apache.maven.surefire.testng.TestNGProvider.invoke(TestNGProvider.java:113)
at org.apache.maven.surefire.booter.ForkedBooter.runSuitesInProcess(ForkedBooter.java:385)
at org.apache.maven.surefire.booter.ForkedBooter.execute(ForkedBooter.java:162)
at org.apache.maven.surefire.booter.ForkedBooter.run(ForkedBooter.java:507)
at org.apache.maven.surefire.booter.ForkedBooter.main(ForkedBooter.java:495)
Caused by: org.openqa.selenium.NoSuchElementException: no such element: Unable to locate element: {"method":"xpath","selector":"//input[@type='radio' and contains(@value, 'APB')]"}
  (Session info: chrome=137.0.7151.120)
For documentation on this error, please visit: https://www.selenium.dev/documentation/webdriver/troubleshooting/errors#no-such-element-exception
Build info: version: '4.32.0', revision: 'd17c8aa950'
System info: os.name: 'Windows 10', os.arch: 'amd64', os.version: '10.0', java.version: '23.0.2'
Driver info: org.openqa.selenium.chrome.ChromeDriver
Command: [69bdfe77a161045f77d4a8039ac3077c, findElement {value=//input[@type='radio' and contains(@value, 'APB')], using=xpath}]
Capabilities {acceptInsecureCerts: false, browserName: chrome, browserVersion: 137.0.7151.120, chrome: {chromedriverVersion: 137.0.7151.119 (e0ac9d12dff..., userDataDir: C:\Users\Naveen\AppData\Loc...}, fedcm:accounts: true, goog:chromeOptions: {debuggerAddress: localhost:53165}, networkConnectionEnabled: false, pageLoadStrategy: normal, platformName: windows, proxy: Proxy(), se:cdp: ws://localhost:53165/devtoo..., se:cdpVersion: 137.0.7151.120, setWindowRect: true, strictFileInteractability: false, timeouts: {implicit: 0, pageLoad: 300000, script: 30000}, unhandledPromptBehavior: dismiss and notify, webauthn:extension:credBlob: true, webauthn:extension:largeBlob: true, webauthn:extension:minPinLength: true, webauthn:extension:prf: true, webauthn:virtualAuthenticators: true}
Session ID: 69bdfe77a161045f77d4a8039ac3077c
at java.base/jdk.internal.reflect.DirectConstructorHandleAccessor.newInstance(DirectConstructorHandleAccessor.java:62)
at java.base/java.lang.reflect.Constructor.newInstanceWithCaller(Constructor.java:501)
at java.base/java.lang.reflect.Constructor.newInstance(Constructor.java:485)
at org.openqa.selenium.remote.ErrorCodec.decode(ErrorCodec.java:167)
at org.openqa.selenium.remote.codec.w3c.W3CHttpResponseCodec.decode(W3CHttpResponseCodec.java:138)
at org.openqa.selenium.remote.codec.w3c.W3CHttpResponseCodec.decode(W3CHttpResponseCodec.java:50)
at org.openqa.selenium.remote.HttpCommandExecutor.execute(HttpCommandExecutor.java:215)
at org.openqa.selenium.remote.service.DriverCommandExecutor.invokeExecute(DriverCommandExecutor.java:216)
at org.openqa.selenium.remote.service.DriverCommandExecutor.execute(DriverCommandExecutor.java:174)
at org.openqa.selenium.remote.RemoteWebDriver.execute(RemoteWebDriver.java:545)
at org.openqa.selenium.remote.ElementLocation$ElementFinder$2.findElement(ElementLocation.java:165)
at org.openqa.selenium.remote.ElementLocation.findElement(ElementLocation.java:59)
at org.openqa.selenium.remote.RemoteWebDriver.findElement(RemoteWebDriver.java:368)
at org.openqa.selenium.remote.RemoteWebDriver.findElement(RemoteWebDriver.java:362)
at org.openqa.selenium.support.pagefactory.DefaultElementLocator.findElement(DefaultElementLocator.java:68)
at org.openqa.selenium.support.pagefactory.internal.LocatingElementHandler.invoke(LocatingElementHandler.java:38)
at jdk.proxy2/jdk.proxy2.$Proxy12.isDisplayed(Unknown Source)
at org.openqa.selenium.support.ui.ExpectedConditions.elementIfVisible(ExpectedConditions.java:304)
at org.openqa.selenium.support.ui.ExpectedConditions$10.apply(ExpectedConditions.java:290)
at org.openqa.selenium.support.ui.ExpectedConditions$10.apply(ExpectedConditions.java:287)
at org.openqa.selenium.support.ui.FluentWait.until(FluentWait.java:203)
... 32 more
]]>
            </full-stacktrace>
          </exception> <!-- org.openqa.selenium.TimeoutException -->
          <reporter-output>
            <line>
              <![CDATA[]]>
            </line>
            <line>
              <![CDATA[User Name:8152999644]]>
            </line>
            <line>
              <![CDATA[User Entered Password]]>
            </line>
            <line>
              <![CDATA[Login successful with User Name:Hello, Jyoti]]>
            </line>
            <line>
              <![CDATA[Searchbar is visible and able to search Toys]]>
            </line>
            <line>
              <![CDATA[No of item present in cart Before:3]]>
            </line>
            <line>
              <![CDATA[Add to cart button is clickable]]>
            </line>
            <line>
              <![CDATA[Cart count After product added to the cart: 4]]>
            </line>
            <line>
              <![CDATA[Add to cart container is clickable]]>
            </line>
          </reporter-output>
        </test-method> <!-- couponcode -->
        <test-method is-config="true" signature="quitbrowser()[pri:0, instance:MavenPackage1.AmazonProject.TC13_couponcode@34123d65]" started-at="2025-06-24T17:58:16 IST" name="quitbrowser" finished-at="2025-06-24T17:58:20 IST" duration-ms="3821" status="PASS">
          <reporter-output>
          </reporter-output>
        </test-method> <!-- quitbrowser -->
        <test-method is-config="true" signature="launchbrowser()[pri:0, instance:MavenPackage1.AmazonProject.TC13_couponcode@34123d65]" started-at="2025-06-24T17:58:20 IST" name="launchbrowser" finished-at="2025-06-24T17:58:30 IST" duration-ms="10443" status="PASS">
          <reporter-output>
          </reporter-output>
        </test-method> <!-- launchbrowser -->
        <test-method signature="couponcode()[pri:0, instance:MavenPackage1.AmazonProject.TC13_couponcode@34123d65]" started-at="2025-06-24T17:58:30 IST" name="couponcode" finished-at="2025-06-24T17:59:13 IST" duration-ms="42372" status="FAIL">
          <exception class="org.openqa.selenium.TimeoutException">
            <message>
              <![CDATA[Expected condition failed: waiting for visibility of Proxy element for: DefaultElementLocator 'By.xpath: //input[@type='radio' and contains(@value, 'APB')]' (tried for 10 second(s) with 500 milliseconds interval)]]>
            </message>
            <full-stacktrace>
              <![CDATA[org.openqa.selenium.TimeoutException: Expected condition failed: waiting for visibility of Proxy element for: DefaultElementLocator 'By.xpath: //input[@type='radio' and contains(@value, 'APB')]' (tried for 10 second(s) with 500 milliseconds interval)
at org.openqa.selenium.support.ui.WebDriverWait.timeoutException(WebDriverWait.java:84)
at org.openqa.selenium.support.ui.FluentWait.until(FluentWait.java:228)
at MavenPackage1.AmazonProject.paymentpage.couponcode(paymentpage.java:46)
at MavenPackage1.AmazonProject.TC13_couponcode.couponcode(TC13_couponcode.java:38)
at java.base/jdk.internal.reflect.DirectMethodHandleAccessor.invoke(DirectMethodHandleAccessor.java:103)
at java.base/java.lang.reflect.Method.invoke(Method.java:580)
at org.testng.internal.invokers.MethodInvocationHelper.invokeMethod(MethodInvocationHelper.java:141)
at org.testng.internal.invokers.TestInvoker.invokeMethod(TestInvoker.java:686)
at org.testng.internal.invokers.TestInvoker.retryFailed(TestInvoker.java:269)
at org.testng.internal.invokers.MethodRunner.runInSequence(MethodRunner.java:76)
at org.testng.internal.invokers.TestInvoker$MethodInvocationAgent.invoke(TestInvoker.java:992)
at org.testng.internal.invokers.TestInvoker.invokeTestMethods(TestInvoker.java:203)
at org.testng.internal.invokers.TestMethodWorker.invokeTestMethods(TestMethodWorker.java:154)
at org.testng.internal.invokers.TestMethodWorker.run(TestMethodWorker.java:134)
at java.base/java.util.ArrayList.forEach(ArrayList.java:1597)
at org.testng.TestRunner.privateRun(TestRunner.java:739)
at org.testng.TestRunner.run(TestRunner.java:614)
at org.testng.SuiteRunner.runTest(SuiteRunner.java:421)
at org.testng.SuiteRunner.runSequentially(SuiteRunner.java:413)
at org.testng.SuiteRunner.privateRun(SuiteRunner.java:373)
at org.testng.SuiteRunner.run(SuiteRunner.java:312)
at org.testng.SuiteRunnerWorker.runSuite(SuiteRunnerWorker.java:52)
at org.testng.SuiteRunnerWorker.run(SuiteRunnerWorker.java:95)
at org.testng.TestNG.runSuitesSequentially(TestNG.java:1274)
at org.testng.TestNG.runSuitesLocally(TestNG.java:1208)
at org.testng.TestNG.runSuites(TestNG.java:1112)
at org.testng.TestNG.run(TestNG.java:1079)
at org.apache.maven.surefire.testng.TestNGExecutor.run(TestNGExecutor.java:308)
at org.apache.maven.surefire.testng.TestNGXmlTestSuite.execute(TestNGXmlTestSuite.java:71)
at org.apache.maven.surefire.testng.TestNGProvider.invoke(TestNGProvider.java:113)
at org.apache.maven.surefire.booter.ForkedBooter.runSuitesInProcess(ForkedBooter.java:385)
at org.apache.maven.surefire.booter.ForkedBooter.execute(ForkedBooter.java:162)
at org.apache.maven.surefire.booter.ForkedBooter.run(ForkedBooter.java:507)
at org.apache.maven.surefire.booter.ForkedBooter.main(ForkedBooter.java:495)
Caused by: org.openqa.selenium.NoSuchElementException: no such element: Unable to locate element: {"method":"xpath","selector":"//input[@type='radio' and contains(@value, 'APB')]"}
  (Session info: chrome=137.0.7151.120)
For documentation on this error, please visit: https://www.selenium.dev/documentation/webdriver/troubleshooting/errors#no-such-element-exception
Build info: version: '4.32.0', revision: 'd17c8aa950'
System info: os.name: 'Windows 10', os.arch: 'amd64', os.version: '10.0', java.version: '23.0.2'
Driver info: org.openqa.selenium.chrome.ChromeDriver
Command: [c5f5248c4e560a9f0cc637d1472fb3b2, findElement {value=//input[@type='radio' and contains(@value, 'APB')], using=xpath}]
Capabilities {acceptInsecureCerts: false, browserName: chrome, browserVersion: 137.0.7151.120, chrome: {chromedriverVersion: 137.0.7151.119 (e0ac9d12dff..., userDataDir: C:\Users\Naveen\AppData\Loc...}, fedcm:accounts: true, goog:chromeOptions: {debuggerAddress: localhost:53274}, networkConnectionEnabled: false, pageLoadStrategy: normal, platformName: windows, proxy: Proxy(), se:cdp: ws://localhost:53274/devtoo..., se:cdpVersion: 137.0.7151.120, setWindowRect: true, strictFileInteractability: false, timeouts: {implicit: 0, pageLoad: 300000, script: 30000}, unhandledPromptBehavior: dismiss and notify, webauthn:extension:credBlob: true, webauthn:extension:largeBlob: true, webauthn:extension:minPinLength: true, webauthn:extension:prf: true, webauthn:virtualAuthenticators: true}
Session ID: c5f5248c4e560a9f0cc637d1472fb3b2
at java.base/jdk.internal.reflect.DirectConstructorHandleAccessor.newInstance(DirectConstructorHandleAccessor.java:62)
at java.base/java.lang.reflect.Constructor.newInstanceWithCaller(Constructor.java:501)
at java.base/java.lang.reflect.Constructor.newInstance(Constructor.java:485)
at org.openqa.selenium.remote.ErrorCodec.decode(ErrorCodec.java:167)
at org.openqa.selenium.remote.codec.w3c.W3CHttpResponseCodec.decode(W3CHttpResponseCodec.java:138)
at org.openqa.selenium.remote.codec.w3c.W3CHttpResponseCodec.decode(W3CHttpResponseCodec.java:50)
at org.openqa.selenium.remote.HttpCommandExecutor.execute(HttpCommandExecutor.java:215)
at org.openqa.selenium.remote.service.DriverCommandExecutor.invokeExecute(DriverCommandExecutor.java:216)
at org.openqa.selenium.remote.service.DriverCommandExecutor.execute(DriverCommandExecutor.java:174)
at org.openqa.selenium.remote.RemoteWebDriver.execute(RemoteWebDriver.java:545)
at org.openqa.selenium.remote.ElementLocation$ElementFinder$2.findElement(ElementLocation.java:165)
at org.openqa.selenium.remote.ElementLocation.findElement(ElementLocation.java:59)
at org.openqa.selenium.remote.RemoteWebDriver.findElement(RemoteWebDriver.java:368)
at org.openqa.selenium.remote.RemoteWebDriver.findElement(RemoteWebDriver.java:362)
at org.openqa.selenium.support.pagefactory.DefaultElementLocator.findElement(DefaultElementLocator.java:68)
at org.openqa.selenium.support.pagefactory.internal.LocatingElementHandler.invoke(LocatingElementHandler.java:38)
at jdk.proxy2/jdk.proxy2.$Proxy12.isDisplayed(Unknown Source)
at org.openqa.selenium.support.ui.ExpectedConditions.elementIfVisible(ExpectedConditions.java:304)
at org.openqa.selenium.support.ui.ExpectedConditions$10.apply(ExpectedConditions.java:290)
at org.openqa.selenium.support.ui.ExpectedConditions$10.apply(ExpectedConditions.java:287)
at org.openqa.selenium.support.ui.FluentWait.until(FluentWait.java:203)
... 32 more
]]>
            </full-stacktrace>
          </exception> <!-- org.openqa.selenium.TimeoutException -->
          <reporter-output>
            <line>
              <![CDATA[]]>
            </line>
            <line>
              <![CDATA[User Name:8152999644]]>
            </line>
            <line>
              <![CDATA[User Entered Password]]>
            </line>
            <line>
              <![CDATA[Login successful with User Name:Hello, Jyoti]]>
            </line>
            <line>
              <![CDATA[Searchbar is visible and able to search Toys]]>
            </line>
            <line>
              <![CDATA[No of item present in cart Before:4]]>
            </line>
            <line>
              <![CDATA[Add to cart button is clickable]]>
            </line>
            <line>
              <![CDATA[Cart count After product added to the cart: 5]]>
            </line>
            <line>
              <![CDATA[Add to cart container is clickable]]>
            </line>
            <line>
              <![CDATA[Listener:Test is Fail]]>
            </line>
          </reporter-output>
        </test-method> <!-- couponcode -->
        <test-method is-config="true" signature="quitbrowser()[pri:0, instance:MavenPackage1.AmazonProject.TC13_couponcode@34123d65]" started-at="2025-06-24T17:59:13 IST" name="quitbrowser" finished-at="2025-06-24T17:59:16 IST" duration-ms="3656" status="PASS">
          <reporter-output>
          </reporter-output>
        </test-method> <!-- quitbrowser -->
      </class> <!-- MavenPackage1.AmazonProject.TC13_couponcode -->
      <class name="MavenPackage1.AmazonProject.TC03_loginwithInValidCredentials">
        <test-method is-config="true" signature="launchbrowser()[pri:0, instance:MavenPackage1.AmazonProject.TC03_loginwithInValidCredentials@14cd1699]" started-at="2025-06-24T17:52:51 IST" name="launchbrowser" finished-at="2025-06-24T17:53:11 IST" duration-ms="19788" status="PASS">
          <reporter-output>
          </reporter-output>
        </test-method> <!-- launchbrowser -->
        <test-method signature="loginwithinvalidcredentials()[pri:0, instance:MavenPackage1.AmazonProject.TC03_loginwithInValidCredentials@14cd1699]" started-at="2025-06-24T17:53:11 IST" name="loginwithinvalidcredentials" finished-at="2025-06-24T17:53:17 IST" duration-ms="6168" status="FAIL">
          <exception class="org.openqa.selenium.StaleElementReferenceException">
            <message>
              <![CDATA[stale element reference: stale element not found
  (Session info: chrome=137.0.7151.120)
For documentation on this error, please visit: https://www.selenium.dev/documentation/webdriver/troubleshooting/errors#stale-element-reference-exception
Build info: version: '4.32.0', revision: 'd17c8aa950'
System info: os.name: 'Windows 10', os.arch: 'amd64', os.version: '10.0', java.version: '23.0.2'
Driver info: org.openqa.selenium.chrome.ChromeDriver
Command: [f4206ca321010faf2f93dbb649190980, getElementText {id=f.96CE68CEE2DB48D8BE990308DBF15FC5.d.4E85555941728F2B4CA283A2438427F0.e.340}]
Capabilities {acceptInsecureCerts: false, browserName: chrome, browserVersion: 137.0.7151.120, chrome: {chromedriverVersion: 137.0.7151.119 (e0ac9d12dff..., userDataDir: C:\Users\Naveen\AppData\Loc...}, fedcm:accounts: true, goog:chromeOptions: {debuggerAddress: localhost:52474}, networkConnectionEnabled: false, pageLoadStrategy: normal, platformName: windows, proxy: Proxy(), se:cdp: ws://localhost:52474/devtoo..., se:cdpVersion: 137.0.7151.120, setWindowRect: true, strictFileInteractability: false, timeouts: {implicit: 0, pageLoad: 300000, script: 30000}, unhandledPromptBehavior: dismiss and notify, webauthn:extension:credBlob: true, webauthn:extension:largeBlob: true, webauthn:extension:minPinLength: true, webauthn:extension:prf: true, webauthn:virtualAuthenticators: true}
Element: [[ChromeDriver: chrome on windows (f4206ca321010faf2f93dbb649190980)] -> xpath: (//h4[@class='a-alert-heading'])[1]]
Session ID: f4206ca321010faf2f93dbb649190980]]>
            </message>
            <full-stacktrace>
              <![CDATA[org.openqa.selenium.StaleElementReferenceException: stale element reference: stale element not found
  (Session info: chrome=137.0.7151.120)
For documentation on this error, please visit: https://www.selenium.dev/documentation/webdriver/troubleshooting/errors#stale-element-reference-exception
Build info: version: '4.32.0', revision: 'd17c8aa950'
System info: os.name: 'Windows 10', os.arch: 'amd64', os.version: '10.0', java.version: '23.0.2'
Driver info: org.openqa.selenium.chrome.ChromeDriver
Command: [f4206ca321010faf2f93dbb649190980, getElementText {id=f.96CE68CEE2DB48D8BE990308DBF15FC5.d.4E85555941728F2B4CA283A2438427F0.e.340}]
Capabilities {acceptInsecureCerts: false, browserName: chrome, browserVersion: 137.0.7151.120, chrome: {chromedriverVersion: 137.0.7151.119 (e0ac9d12dff..., userDataDir: C:\Users\Naveen\AppData\Loc...}, fedcm:accounts: true, goog:chromeOptions: {debuggerAddress: localhost:52474}, networkConnectionEnabled: false, pageLoadStrategy: normal, platformName: windows, proxy: Proxy(), se:cdp: ws://localhost:52474/devtoo..., se:cdpVersion: 137.0.7151.120, setWindowRect: true, strictFileInteractability: false, timeouts: {implicit: 0, pageLoad: 300000, script: 30000}, unhandledPromptBehavior: dismiss and notify, webauthn:extension:credBlob: true, webauthn:extension:largeBlob: true, webauthn:extension:minPinLength: true, webauthn:extension:prf: true, webauthn:virtualAuthenticators: true}
Element: [[ChromeDriver: chrome on windows (f4206ca321010faf2f93dbb649190980)] -> xpath: (//h4[@class='a-alert-heading'])[1]]
Session ID: f4206ca321010faf2f93dbb649190980
at java.base/jdk.internal.reflect.DirectConstructorHandleAccessor.newInstance(DirectConstructorHandleAccessor.java:62)
at java.base/java.lang.reflect.Constructor.newInstanceWithCaller(Constructor.java:501)
at java.base/java.lang.reflect.Constructor.newInstance(Constructor.java:485)
at org.openqa.selenium.remote.ErrorCodec.decode(ErrorCodec.java:167)
at org.openqa.selenium.remote.codec.w3c.W3CHttpResponseCodec.decode(W3CHttpResponseCodec.java:138)
at org.openqa.selenium.remote.codec.w3c.W3CHttpResponseCodec.decode(W3CHttpResponseCodec.java:50)
at org.openqa.selenium.remote.HttpCommandExecutor.execute(HttpCommandExecutor.java:215)
at org.openqa.selenium.remote.service.DriverCommandExecutor.invokeExecute(DriverCommandExecutor.java:216)
at org.openqa.selenium.remote.service.DriverCommandExecutor.execute(DriverCommandExecutor.java:174)
at org.openqa.selenium.remote.RemoteWebDriver.execute(RemoteWebDriver.java:545)
at org.openqa.selenium.remote.RemoteWebElement.execute(RemoteWebElement.java:223)
at org.openqa.selenium.remote.RemoteWebElement.getText(RemoteWebElement.java:191)
at java.base/jdk.internal.reflect.DirectMethodHandleAccessor.invoke(DirectMethodHandleAccessor.java:103)
at java.base/java.lang.reflect.Method.invoke(Method.java:580)
at org.openqa.selenium.support.pagefactory.internal.LocatingElementHandler.invoke(LocatingElementHandler.java:51)
at jdk.proxy2/jdk.proxy2.$Proxy12.getText(Unknown Source)
at MavenPackage1.AmazonProject.loginPage.invalilogin(loginPage.java:76)
at MavenPackage1.AmazonProject.TC03_loginwithInValidCredentials.loginwithinvalidcredentials(TC03_loginwithInValidCredentials.java:23)
at java.base/jdk.internal.reflect.DirectMethodHandleAccessor.invoke(DirectMethodHandleAccessor.java:103)
at java.base/java.lang.reflect.Method.invoke(Method.java:580)
at org.testng.internal.invokers.MethodInvocationHelper.invokeMethod(MethodInvocationHelper.java:141)
at org.testng.internal.invokers.TestInvoker.invokeMethod(TestInvoker.java:686)
at org.testng.internal.invokers.TestInvoker.invokeTestMethod(TestInvoker.java:230)
at org.testng.internal.invokers.MethodRunner.runInSequence(MethodRunner.java:63)
at org.testng.internal.invokers.TestInvoker$MethodInvocationAgent.invoke(TestInvoker.java:992)
at org.testng.internal.invokers.TestInvoker.invokeTestMethods(TestInvoker.java:203)
at org.testng.internal.invokers.TestMethodWorker.invokeTestMethods(TestMethodWorker.java:154)
at org.testng.internal.invokers.TestMethodWorker.run(TestMethodWorker.java:134)
at java.base/java.util.ArrayList.forEach(ArrayList.java:1597)
at org.testng.TestRunner.privateRun(TestRunner.java:739)
at org.testng.TestRunner.run(TestRunner.java:614)
at org.testng.SuiteRunner.runTest(SuiteRunner.java:421)
at org.testng.SuiteRunner.runSequentially(SuiteRunner.java:413)
at org.testng.SuiteRunner.privateRun(SuiteRunner.java:373)
at org.testng.SuiteRunner.run(SuiteRunner.java:312)
at org.testng.SuiteRunnerWorker.runSuite(SuiteRunnerWorker.java:52)
at org.testng.SuiteRunnerWorker.run(SuiteRunnerWorker.java:95)
at org.testng.TestNG.runSuitesSequentially(TestNG.java:1274)
at org.testng.TestNG.runSuitesLocally(TestNG.java:1208)
at org.testng.TestNG.runSuites(TestNG.java:1112)
at org.testng.TestNG.run(TestNG.java:1079)
at org.apache.maven.surefire.testng.TestNGExecutor.run(TestNGExecutor.java:308)
at org.apache.maven.surefire.testng.TestNGXmlTestSuite.execute(TestNGXmlTestSuite.java:71)
at org.apache.maven.surefire.testng.TestNGProvider.invoke(TestNGProvider.java:113)
at org.apache.maven.surefire.booter.ForkedBooter.runSuitesInProcess(ForkedBooter.java:385)
at org.apache.maven.surefire.booter.ForkedBooter.execute(ForkedBooter.java:162)
at org.apache.maven.surefire.booter.ForkedBooter.run(ForkedBooter.java:507)
at org.apache.maven.surefire.booter.ForkedBooter.main(ForkedBooter.java:495)
]]>
            </full-stacktrace>
          </exception> <!-- org.openqa.selenium.StaleElementReferenceException -->
          <reporter-output>
            <line>
              <![CDATA[]]>
            </line>
            <line>
              <![CDATA[User Name:8152999644]]>
            </line>
            <line>
              <![CDATA[User Entered Password]]>
            </line>
            <line>
              <![CDATA[Listener:Test is Fail]]>
            </line>
          </reporter-output>
        </test-method> <!-- loginwithinvalidcredentials -->
        <test-method is-config="true" signature="quitbrowser()[pri:0, instance:MavenPackage1.AmazonProject.TC03_loginwithInValidCredentials@14cd1699]" started-at="2025-06-24T17:53:17 IST" name="quitbrowser" finished-at="2025-06-24T17:53:21 IST" duration-ms="3651" status="PASS">
          <reporter-output>
          </reporter-output>
        </test-method> <!-- quitbrowser -->
      </class> <!-- MavenPackage1.AmazonProject.TC03_loginwithInValidCredentials -->
      <class name="MavenPackage1.AmazonProject.TC02_loginwithValidCredentials">
        <test-method is-config="true" signature="launchbrowser()[pri:0, instance:MavenPackage1.AmazonProject.TC02_loginwithValidCredentials@59474f18]" started-at="2025-06-24T17:59:16 IST" name="launchbrowser" finished-at="2025-06-24T17:59:27 IST" duration-ms="11046" status="PASS">
          <reporter-output>
          </reporter-output>
        </test-method> <!-- launchbrowser -->
        <test-method signature="loginwithvalidcredentials()[pri:0, instance:MavenPackage1.AmazonProject.TC02_loginwithValidCredentials@59474f18]" started-at="2025-06-24T17:59:27 IST" name="loginwithvalidcredentials" finished-at="2025-06-24T17:59:35 IST" duration-ms="7941" status="PASS">
          <reporter-output>
            <line>
              <![CDATA[]]>
            </line>
            <line>
              <![CDATA[User Name:8152999644]]>
            </line>
            <line>
              <![CDATA[User Entered Password]]>
            </line>
            <line>
              <![CDATA[Login successful with User Name:Hello, Jyoti]]>
            </line>
            <line>
              <![CDATA[Listener:Test is Pass]]>
            </line>
          </reporter-output>
        </test-method> <!-- loginwithvalidcredentials -->
        <test-method is-config="true" signature="quitbrowser()[pri:0, instance:MavenPackage1.AmazonProject.TC02_loginwithValidCredentials@59474f18]" started-at="2025-06-24T17:59:36 IST" name="quitbrowser" finished-at="2025-06-24T17:59:39 IST" duration-ms="3463" status="PASS">
          <reporter-output>
          </reporter-output>
        </test-method> <!-- quitbrowser -->
      </class> <!-- MavenPackage1.AmazonProject.TC02_loginwithValidCredentials -->
      <class name="MavenPackage1.AmazonProject.TC08_sortproduct">
        <test-method is-config="true" signature="launchbrowser()[pri:0, instance:MavenPackage1.AmazonProject.TC08_sortproduct@235834f2]" started-at="2025-06-24T17:50:11 IST" name="launchbrowser" finished-at="2025-06-24T17:50:22 IST" duration-ms="11178" status="PASS">
          <reporter-output>
          </reporter-output>
        </test-method> <!-- launchbrowser -->
        <test-method signature="sortproducts()[pri:0, instance:MavenPackage1.AmazonProject.TC08_sortproduct@235834f2]" started-at="2025-06-24T17:50:22 IST" name="sortproducts" finished-at="2025-06-24T17:50:55 IST" duration-ms="32943" status="PASS">
          <reporter-output>
            <line>
              <![CDATA[]]>
            </line>
            <line>
              <![CDATA[User Name:8152999644]]>
            </line>
            <line>
              <![CDATA[User Entered Password]]>
            </line>
            <line>
              <![CDATA[Login successful with User Name:Hello, Jyoti]]>
            </line>
            <line>
              <![CDATA[Searchbar is visible and able to search Shoes]]>
            </line>
            <line>
              <![CDATA[Price: Low to High is selected]]>
            </line>
            <line>
              <![CDATA[Price: High to Low is selected]]>
            </line>
            <line>
              <![CDATA[Avg. Customer Review is selected]]>
            </line>
            <line>
              <![CDATA[Best Sellers is selected]]>
            </line>
            <line>
              <![CDATA[Listener:Test is Pass]]>
            </line>
          </reporter-output>
        </test-method> <!-- sortproducts -->
        <test-method is-config="true" signature="quitbrowser()[pri:0, instance:MavenPackage1.AmazonProject.TC08_sortproduct@235834f2]" started-at="2025-06-24T17:50:55 IST" name="quitbrowser" finished-at="2025-06-24T17:50:59 IST" duration-ms="3513" status="PASS">
          <reporter-output>
          </reporter-output>
        </test-method> <!-- quitbrowser -->
      </class> <!-- MavenPackage1.AmazonProject.TC08_sortproduct -->
      <class name="MavenPackage1.AmazonProject.TC10_deleteitemfromcart">
        <test-method is-config="true" signature="launchbrowser()[pri:0, instance:MavenPackage1.AmazonProject.TC10_deleteitemfromcart@1623b78d]" started-at="2025-06-24T17:49:17 IST" name="launchbrowser" finished-at="2025-06-24T17:49:31 IST" duration-ms="13405" status="PASS">
          <reporter-output>
          </reporter-output>
        </test-method> <!-- launchbrowser -->
        <test-method signature="deleteproductincart()[pri:0, instance:MavenPackage1.AmazonProject.TC10_deleteitemfromcart@1623b78d]" started-at="2025-06-24T17:49:31 IST" name="deleteproductincart" finished-at="2025-06-24T17:50:07 IST" duration-ms="36340" status="PASS">
          <reporter-output>
            <line>
              <![CDATA[]]>
            </line>
            <line>
              <![CDATA[User Name:8152999644]]>
            </line>
            <line>
              <![CDATA[User Entered Password]]>
            </line>
            <line>
              <![CDATA[Login successful with User Name:Hello, Jyoti]]>
            </line>
            <line>
              <![CDATA[Searchbar is visible and able to search Toys for 3 year kid]]>
            </line>
            <line>
              <![CDATA[No of item present in cart Before:0]]>
            </line>
            <line>
              <![CDATA[Add to cart button is clickable]]>
            </line>
            <line>
              <![CDATA[Cart count After product added to the cart: 1]]>
            </line>
            <line>
              <![CDATA[Add to cart container is clickable]]>
            </line>
            <line>
              <![CDATA[Product is deleted]]>
            </line>
            <line>
              <![CDATA[Cart count After product deleted to the cart: 0]]>
            </line>
            <line>
              <![CDATA[Listener:Test is Pass]]>
            </line>
          </reporter-output>
        </test-method> <!-- deleteproductincart -->
        <test-method is-config="true" signature="quitbrowser()[pri:0, instance:MavenPackage1.AmazonProject.TC10_deleteitemfromcart@1623b78d]" started-at="2025-06-24T17:50:07 IST" name="quitbrowser" finished-at="2025-06-24T17:50:11 IST" duration-ms="3552" status="PASS">
          <reporter-output>
          </reporter-output>
        </test-method> <!-- quitbrowser -->
      </class> <!-- MavenPackage1.AmazonProject.TC10_deleteitemfromcart -->
      <class name="MavenPackage1.AmazonProject.TC06_filters">
        <test-method is-config="true" signature="launchbrowser()[pri:0, instance:MavenPackage1.AmazonProject.TC06_filters@76505305]" started-at="2025-06-24T17:52:18 IST" name="launchbrowser" finished-at="2025-06-24T17:52:28 IST" duration-ms="10175" status="PASS">
          <reporter-output>
          </reporter-output>
        </test-method> <!-- launchbrowser -->
        <test-method signature="searchwithfilters()[pri:0, instance:MavenPackage1.AmazonProject.TC06_filters@76505305]" started-at="2025-06-24T17:52:28 IST" name="searchwithfilters" finished-at="2025-06-24T17:52:46 IST" duration-ms="18413" status="PASS">
          <reporter-output>
            <line>
              <![CDATA[]]>
            </line>
            <line>
              <![CDATA[User Name:8152999644]]>
            </line>
            <line>
              <![CDATA[User Entered Password]]>
            </line>
            <line>
              <![CDATA[Login successful with User Name:Hello, Jyoti]]>
            </line>
            <line>
              <![CDATA[Searchbar is visible and able to search Shoes]]>
            </line>
            <line>
              <![CDATA[Puma is selected]]>
            </line>
            <line>
              <![CDATA[₹500 - ₹700  price is selected]]>
            </line>
            <line>
              <![CDATA[Listener:Test is Pass]]>
            </line>
          </reporter-output>
        </test-method> <!-- searchwithfilters -->
        <test-method is-config="true" signature="quitbrowser()[pri:0, instance:MavenPackage1.AmazonProject.TC06_filters@76505305]" started-at="2025-06-24T17:52:47 IST" name="quitbrowser" finished-at="2025-06-24T17:52:51 IST" duration-ms="4228" status="PASS">
          <reporter-output>
          </reporter-output>
        </test-method> <!-- quitbrowser -->
      </class> <!-- MavenPackage1.AmazonProject.TC06_filters -->
      <class name="MavenPackage1.AmazonProject.TC11_checkoutdetails">
        <test-method is-config="true" signature="launchbrowser()[pri:0, instance:MavenPackage1.AmazonProject.TC11_checkoutdetails@4218d6a3]" started-at="2025-06-24T17:51:27 IST" name="launchbrowser" finished-at="2025-06-24T17:51:39 IST" duration-ms="11088" status="PASS">
          <reporter-output>
          </reporter-output>
        </test-method> <!-- launchbrowser -->
        <test-method signature="checkout()[pri:0, instance:MavenPackage1.AmazonProject.TC11_checkoutdetails@4218d6a3]" started-at="2025-06-24T17:51:39 IST" name="checkout" finished-at="2025-06-24T17:52:13 IST" duration-ms="34116" status="PASS">
          <reporter-output>
            <line>
              <![CDATA[]]>
            </line>
            <line>
              <![CDATA[User Name:8152999644]]>
            </line>
            <line>
              <![CDATA[User Entered Password]]>
            </line>
            <line>
              <![CDATA[Login successful with User Name:Hello, Jyoti]]>
            </line>
            <line>
              <![CDATA[Searchbar is visible and able to search Toys for 3 year kid]]>
            </line>
            <line>
              <![CDATA[No of item present in cart Before:0]]>
            </line>
            <line>
              <![CDATA[Add to cart button is clickable]]>
            </line>
            <line>
              <![CDATA[Cart count After product added to the cart: 1]]>
            </line>
            <line>
              <![CDATA[Add to cart container is clickable]]>
            </line>
            <line>
              <![CDATA[Listener:Test is Pass]]>
            </line>
          </reporter-output>
        </test-method> <!-- checkout -->
        <test-method is-config="true" signature="quitbrowser()[pri:0, instance:MavenPackage1.AmazonProject.TC11_checkoutdetails@4218d6a3]" started-at="2025-06-24T17:52:13 IST" name="quitbrowser" finished-at="2025-06-24T17:52:18 IST" duration-ms="4781" status="PASS">
          <reporter-output>
          </reporter-output>
        </test-method> <!-- quitbrowser -->
      </class> <!-- MavenPackage1.AmazonProject.TC11_checkoutdetails -->
      <class name="MavenPackage1.AmazonProject.TC05_SearchProduct">
        <test-method is-config="true" signature="launchbrowser()[pri:0, instance:MavenPackage1.AmazonProject.TC05_SearchProduct@5656be13]" started-at="2025-06-24T17:50:59 IST" name="launchbrowser" finished-at="2025-06-24T17:51:10 IST" duration-ms="11405" status="PASS">
          <reporter-output>
          </reporter-output>
        </test-method> <!-- launchbrowser -->
        <test-method signature="searchproduct()[pri:0, instance:MavenPackage1.AmazonProject.TC05_SearchProduct@5656be13]" started-at="2025-06-24T17:51:10 IST" name="searchproduct" finished-at="2025-06-24T17:51:23 IST" duration-ms="12852" status="PASS">
          <reporter-output>
            <line>
              <![CDATA[]]>
            </line>
            <line>
              <![CDATA[User Name:8152999644]]>
            </line>
            <line>
              <![CDATA[User Entered Password]]>
            </line>
            <line>
              <![CDATA[Login successful with User Name:Hello, Jyoti]]>
            </line>
            <line>
              <![CDATA[Searchbar is visible and able to search Toys]]>
            </line>
            <line>
              <![CDATA[Listener:Test is Pass]]>
            </line>
          </reporter-output>
        </test-method> <!-- searchproduct -->
        <test-method is-config="true" signature="quitbrowser()[pri:0, instance:MavenPackage1.AmazonProject.TC05_SearchProduct@5656be13]" started-at="2025-06-24T17:51:24 IST" name="quitbrowser" finished-at="2025-06-24T17:51:27 IST" duration-ms="3884" status="PASS">
          <reporter-output>
          </reporter-output>
        </test-method> <!-- quitbrowser -->
      </class> <!-- MavenPackage1.AmazonProject.TC05_SearchProduct -->
      <class name="MavenPackage1.AmazonProject.TC12_PaymentMethods">
        <test-method is-config="true" signature="launchbrowser()[pri:0, instance:MavenPackage1.AmazonProject.TC12_PaymentMethods@77888435]" started-at="2025-06-24T17:53:21 IST" name="launchbrowser" finished-at="2025-06-24T17:53:32 IST" duration-ms="11454" status="PASS">
          <reporter-output>
          </reporter-output>
        </test-method> <!-- launchbrowser -->
        <test-method signature="Payment()[pri:0, instance:MavenPackage1.AmazonProject.TC12_PaymentMethods@77888435]" started-at="2025-06-24T17:53:32 IST" name="Payment" finished-at="2025-06-24T17:53:57 IST" duration-ms="25244" status="PASS">
          <reporter-output>
            <line>
              <![CDATA[]]>
            </line>
            <line>
              <![CDATA[User Name:8152999644]]>
            </line>
            <line>
              <![CDATA[User Entered Password]]>
            </line>
            <line>
              <![CDATA[Login successful with User Name:Hello, Jyoti]]>
            </line>
            <line>
              <![CDATA[Searchbar is visible and able to search Toys for 3 year kid]]>
            </line>
            <line>
              <![CDATA[No of item present in cart Before:1]]>
            </line>
            <line>
              <![CDATA[Add to cart button is clickable]]>
            </line>
            <line>
              <![CDATA[Cart count After product added to the cart: 2]]>
            </line>
            <line>
              <![CDATA[Add to cart container is clickable]]>
            </line>
            <line>
              <![CDATA[Total payment options : 5]]>
            </line>
            <line>
              <![CDATA[Payment option 0 is clickable]]>
            </line>
            <line>
              <![CDATA[Payment option 1 is clickable]]>
            </line>
            <line>
              <![CDATA[Payment option 2 is clickable]]>
            </line>
            <line>
              <![CDATA[Payment option 3 is clickable]]>
            </line>
            <line>
              <![CDATA[Payment option 4 is clickable]]>
            </line>
            <line>
              <![CDATA[Listener:Test is Pass]]>
            </line>
          </reporter-output>
        </test-method> <!-- Payment -->
        <test-method is-config="true" signature="quitbrowser()[pri:0, instance:MavenPackage1.AmazonProject.TC12_PaymentMethods@77888435]" started-at="2025-06-24T17:53:58 IST" name="quitbrowser" finished-at="2025-06-24T17:54:02 IST" duration-ms="4762" status="PASS">
          <reporter-output>
          </reporter-output>
        </test-method> <!-- quitbrowser -->
      </class> <!-- MavenPackage1.AmazonProject.TC12_PaymentMethods -->
    </test> <!-- Testing on Edge browser -->
  </suite> <!-- AmazonProjectTestSuite -->
</testng-results>
