<?xml version="1.0" encoding="UTF-8"?>
<testng-results ignored="0" total="1" passed="1" failed="0" skipped="0">
  <reporter-output>
    <line>
      <![CDATA[]]>
    </line>
    <line>
      <![CDATA[User Name:8152999644]]>
    </line>
    <line>
      <![CDATA[User Entered Password]]>
    </line>
    <line>
      <![CDATA[Login with invalid credentials:There was a problem]]>
    </line>
    <line>
      <![CDATA[Listener:Test is Pass]]>
    </line>
  </reporter-output>
  <suite started-at="2025-06-24T18:11:23 IST" name="Default suite" finished-at="2025-06-24T18:11:46 IST" duration-ms="22851">
    <groups>
    </groups>
    <test started-at="2025-06-24T18:11:23 IST" name="Default test" finished-at="2025-06-24T18:11:46 IST" duration-ms="22851">
      <class name="MavenPackage1.AmazonProject.TC03_loginwithInValidCredentials">
        <test-method is-config="true" signature="launchbrowser()[pri:0, instance:MavenPackage1.AmazonProject.TC03_loginwithInValidCredentials@8297b3a]" started-at="2025-06-24T18:11:23 IST" name="launchbrowser" finished-at="2025-06-24T18:11:36 IST" duration-ms="12464" status="PASS">
          <reporter-output>
          </reporter-output>
        </test-method> <!-- launchbrowser -->
        <test-method signature="loginwithinvalidcredentials()[pri:0, instance:MavenPackage1.AmazonProject.TC03_loginwithInValidCredentials@8297b3a]" started-at="2025-06-24T18:11:36 IST" name="loginwithinvalidcredentials" finished-at="2025-06-24T18:11:43 IST" duration-ms="6707" status="PASS">
          <reporter-output>
            <line>
              <![CDATA[]]>
            </line>
            <line>
              <![CDATA[User Name:8152999644]]>
            </line>
            <line>
              <![CDATA[User Entered Password]]>
            </line>
            <line>
              <![CDATA[Login with invalid credentials:There was a problem]]>
            </line>
            <line>
              <![CDATA[Listener:Test is Pass]]>
            </line>
          </reporter-output>
        </test-method> <!-- loginwithinvalidcredentials -->
        <test-method is-config="true" signature="quitbrowser()[pri:0, instance:MavenPackage1.AmazonProject.TC03_loginwithInValidCredentials@8297b3a]" started-at="2025-06-24T18:11:43 IST" name="quitbrowser" finished-at="2025-06-24T18:11:46 IST" duration-ms="3398" status="PASS">
          <reporter-output>
          </reporter-output>
        </test-method> <!-- quitbrowser -->
      </class> <!-- MavenPackage1.AmazonProject.TC03_loginwithInValidCredentials -->
    </test> <!-- Default test -->
  </suite> <!-- Default suite -->
</testng-results>
