<?xml version="1.0" encoding="UTF-8"?>
<!-- Generated by org.testng.reporters.JUnitReportReporter -->
<testsuite hostname="DESKTOP-J3C5VNV" failures="0" tests="1" name="MavenPackage1.AmazonProject.TC04_AccountInformation" time="62.596" errors="1" timestamp="2025-06-24T17:27:21 IST" skipped="0">
  <testcase classname="MavenPackage1.AmazonProject.TC04_AccountInformation" name="editaccountdetails" time="62.596">
    <error message="Expected condition failed: waiting for visibility of [[ChromeDriver: chrome on windows (b78703057bbb7d879db5175c9607c3de)] -&gt; xpath: //span[.=&#039;Your Account&#039;]] (tried for 10 second(s) with 500 milliseconds interval)
Build info: version: &#039;4.32.0&#039;, revision: &#039;d17c8aa950&#039;
System info: os.name: &#039;Windows 10&#039;, os.arch: &#039;amd64&#039;, os.version: &#039;10.0&#039;, java.version: &#039;23.0.2&#039;
Driver info: org.openqa.selenium.chrome.ChromeDriver
Capabilities {acceptInsecureCerts: false, browserName: chrome, browserVersion: 137.0.7151.120, chrome: {chromedriverVersion: 137.0.7151.119 (e0ac9d12dff..., userDataDir: C:\Users\Naveen\AppData\Loc...}, fedcm:accounts: true, goog:chromeOptions: {debuggerAddress: localhost:65194}, networkConnectionEnabled: false, pageLoadStrategy: normal, platformName: windows, proxy: Proxy(), se:cdp: ws://localhost:65194/devtoo..., se:cdpVersion: 137.0.7151.120, setWindowRect: true, strictFileInteractability: false, timeouts: {implicit: 0, pageLoad: 300000, script: 30000}, unhandledPromptBehavior: dismiss and notify, webauthn:extension:credBlob: true, webauthn:extension:largeBlob: true, webauthn:extension:minPinLength: true, webauthn:extension:prf: true, webauthn:virtualAuthenticators: true}
Session ID: b78703057bbb7d879db5175c9607c3de" type="org.openqa.selenium.TimeoutException">
      <![CDATA[org.openqa.selenium.TimeoutException: Expected condition failed: waiting for visibility of [[ChromeDriver: chrome on windows (b78703057bbb7d879db5175c9607c3de)] -> xpath: //span[.='Your Account']] (tried for 10 second(s) with 500 milliseconds interval)
Build info: version: '4.32.0', revision: 'd17c8aa950'
System info: os.name: 'Windows 10', os.arch: 'amd64', os.version: '10.0', java.version: '23.0.2'
Driver info: org.openqa.selenium.chrome.ChromeDriver
Capabilities {acceptInsecureCerts: false, browserName: chrome, browserVersion: 137.0.7151.120, chrome: {chromedriverVersion: 137.0.7151.119 (e0ac9d12dff..., userDataDir: C:\Users\Naveen\AppData\Loc...}, fedcm:accounts: true, goog:chromeOptions: {debuggerAddress: localhost:65194}, networkConnectionEnabled: false, pageLoadStrategy: normal, platformName: windows, proxy: Proxy(), se:cdp: ws://localhost:65194/devtoo..., se:cdpVersion: 137.0.7151.120, setWindowRect: true, strictFileInteractability: false, timeouts: {implicit: 0, pageLoad: 300000, script: 30000}, unhandledPromptBehavior: dismiss and notify, webauthn:extension:credBlob: true, webauthn:extension:largeBlob: true, webauthn:extension:minPinLength: true, webauthn:extension:prf: true, webauthn:virtualAuthenticators: true}
Session ID: b78703057bbb7d879db5175c9607c3de
at org.openqa.selenium.support.ui.WebDriverWait.timeoutException(WebDriverWait.java:84)
at org.openqa.selenium.support.ui.FluentWait.until(FluentWait.java:228)
at MavenPackage1.AmazonProject.editaccountdetailspage.youraccount1(editaccountdetailspage.java:28)
at MavenPackage1.AmazonProject.TC04_AccountInformation.editaccountdetails(TC04_AccountInformation.java:26)
at java.base/jdk.internal.reflect.DirectMethodHandleAccessor.invoke(DirectMethodHandleAccessor.java:103)
at java.base/java.lang.reflect.Method.invoke(Method.java:580)
at org.testng.internal.invokers.MethodInvocationHelper.invokeMethod(MethodInvocationHelper.java:141)
at org.testng.internal.invokers.TestInvoker.invokeMethod(TestInvoker.java:687)
at org.testng.internal.invokers.TestInvoker.invokeTestMethod(TestInvoker.java:230)
at org.testng.internal.invokers.MethodRunner.runInSequence(MethodRunner.java:63)
at org.testng.internal.invokers.TestInvoker$MethodInvocationAgent.invoke(TestInvoker.java:995)
at org.testng.internal.invokers.TestInvoker.invokeTestMethods(TestInvoker.java:203)
at org.testng.internal.invokers.TestMethodWorker.invokeTestMethods(TestMethodWorker.java:154)
at org.testng.internal.invokers.TestMethodWorker.run(TestMethodWorker.java:134)
at java.base/java.util.ArrayList.forEach(ArrayList.java:1597)
at org.testng.TestRunner.privateRun(TestRunner.java:741)
at org.testng.TestRunner.run(TestRunner.java:616)
at org.testng.SuiteRunner.runTest(SuiteRunner.java:421)
at org.testng.SuiteRunner.runSequentially(SuiteRunner.java:413)
at org.testng.SuiteRunner.privateRun(SuiteRunner.java:373)
at org.testng.SuiteRunner.run(SuiteRunner.java:312)
at org.testng.SuiteRunnerWorker.runSuite(SuiteRunnerWorker.java:52)
at org.testng.SuiteRunnerWorker.run(SuiteRunnerWorker.java:95)
at org.testng.TestNG.runSuitesSequentially(TestNG.java:1274)
at org.testng.TestNG.runSuitesLocally(TestNG.java:1208)
at org.testng.TestNG.runSuites(TestNG.java:1112)
at org.testng.TestNG.run(TestNG.java:1079)
at org.testng.remote.AbstractRemoteTestNG.run(AbstractRemoteTestNG.java:115)
at org.testng.remote.RemoteTestNG.initAndRun(RemoteTestNG.java:293)
at org.testng.remote.RemoteTestNG.main(RemoteTestNG.java:91)
]]>
    </error>
    <system-out>
      <![CDATA[
User Name:8152999644
User Entered Password
Login successful with User Name:Hello, Jyoti
Listener:Test is Fail]]>
    </system-out>
  </testcase> <!-- editaccountdetails -->
  <system-out>
    <![CDATA[
User Name:8152999644
User Entered Password
Login successful with User Name:Hello, Jyoti
Searchbar is visible and able to search Toys for 3 year kid
No of item present in cart Before:0
Add to cart button is clickable
Cart count After product added to the cart: 1
Add to cart container is clickable
Product is deleted
Cart count After product deleted to the cart: 0
Listener:Test is Pass

User Name:8152999644
User Entered Password
Login successful with User Name:Hello, Jyoti
Searchbar is visible and able to search Shoes
Price: Low to High is selected

User Name:8152999644
User Entered Password
Login successful with User Name:Hello, Jyoti
Searchbar is visible and able to search Shoes
Price: Low to High is selected
Price: High to Low is selected
Avg. Customer Review is selected
Best Sellers is selected
Listener:Test is Pass

User Name:8152999644
User Entered Password
Login successful with User Name:Hello, Jyoti
Searchbar is visible and able to search Toys
Listener:Test is Pass

User Name:8152999644
User Entered Password
Login successful with User Name:Hello, Jyoti
Searchbar is visible and able to search Toys for 3 year kid
No of item present in cart Before:0
Add to cart button is clickable
Cart count After product added to the cart: 1
Add to cart container is clickable
Listener:Test is Pass

User Name:8152999644
User Entered Password
Login successful with User Name:Hello, Jyoti
Searchbar is visible and able to search Shoes
Campus is selected
Men  price is selected
Listener:Test is Pass

User Name:8152999644
User Entered Password
Listener:Test is Fail

User Name:8152999644
User Entered Password
Login successful with User Name:Hello, Jyoti
Searchbar is visible and able to search Toys for 3 year kid
No of item present in cart Before:1
Add to cart button is clickable
Cart count After product added to the cart: 2
Add to cart container is clickable
Total payment options : 6
Payment option 0 is clickable
Payment option 1 is clickable
Payment option 2 is clickable
Payment option 3 is clickable
Payment option 4 is clickable
Payment option 5 is clickable
Listener:Test is Pass

User Name:8152999644
User Entered Password
Login successful with User Name:Hello, Jyoti
Listener:Test is Fail
Searchbar is visible and able to search Toys for 3 year kid
No of item present in cart Before:0
Add to cart button is clickable
Add to cart container is clickable
Listener:Test is Pass

User Name:avvannavarjyoti@gmail.com
User Entered Password
Login successful with User Name:Hello, Naveen
Verified the page title is : Your Orders
Click on 5star rating
Listener:Test is Pass

User Name:8152999644
User Entered Password
Login successful with User Name:Hello, Jyoti
Searchbar is visible and able to search Shoes
Rating of product is : 
Selected Product Price is : 1,398
Product description displayed : Product details
Listener:Test is Pass

User Name:8152999644
User Entered Password
Login successful with User Name:Hello, Jyoti
Searchbar is visible and able to search Toys
No of item present in cart Before:2
Add to cart button is clickable
Cart count After product added to the cart: 3
Add to cart container is clickable

User Name:8152999644
User Entered Password
Login successful with User Name:Hello, Jyoti
Searchbar is visible and able to search Toys
No of item present in cart Before:3
Add to cart button is clickable
Cart count After product added to the cart: 4
Add to cart container is clickable
Listener:Test is Pass

User Name:8152999644
User Entered Password
Login successful with User Name:Hello, Jyoti
Listener:Test is Pass

User Name:8152999644
User Entered Password
Login successful with User Name:Hello, Jyoti
Searchbar is visible and able to search Toys for 3 year kid
No of item present in cart Before:4
Add to cart button is clickable
Cart count After product added to the cart: 5
Listener:Test is Pass]]>
  </system-out>
</testsuite> <!-- MavenPackage1.AmazonProject.TC04_AccountInformation -->
