<?xml version="1.0" encoding="UTF-8"?>
<!-- Generated by org.testng.reporters.JUnitReportReporter -->
<testsuite hostname="DESKTOP-J3C5VNV" failures="0" tests="1" name="MavenPackage1.AmazonProject.TC07_productdetails" time="70.688" errors="0" timestamp="2025-06-24T17:27:21 IST" skipped="0">
  <testcase classname="MavenPackage1.AmazonProject.TC07_productdetails" name="productdetails" time="70.688">
    <system-out>
      <![CDATA[
User Name:8152999644
User Entered Password
Login successful with User Name:Hello, Jyoti
Searchbar is visible and able to search Shoes
Rating of product is : 
Selected Product Price is : 1,398
Product description displayed : Product details
Listener:Test is Pass]]>
    </system-out>
  </testcase> <!-- productdetails -->
  <system-out>
    <![CDATA[
User Name:8152999644
User Entered Password
Login successful with User Name:Hello, Jyoti
Searchbar is visible and able to search Toys for 3 year kid
No of item present in cart Before:0
Add to cart button is clickable
Cart count After product added to the cart: 1
Add to cart container is clickable
Product is deleted
Cart count After product deleted to the cart: 0
Listener:Test is Pass

User Name:8152999644
User Entered Password
Login successful with User Name:Hello, Jyoti
Searchbar is visible and able to search Shoes
Price: Low to High is selected

User Name:8152999644
User Entered Password
Login successful with User Name:Hello, Jyoti
Searchbar is visible and able to search Shoes
Price: Low to High is selected
Price: High to Low is selected
Avg. Customer Review is selected
Best Sellers is selected
Listener:Test is Pass

User Name:8152999644
User Entered Password
Login successful with User Name:Hello, Jyoti
Searchbar is visible and able to search Toys
Listener:Test is Pass

User Name:8152999644
User Entered Password
Login successful with User Name:Hello, Jyoti
Searchbar is visible and able to search Toys for 3 year kid
No of item present in cart Before:0
Add to cart button is clickable
Cart count After product added to the cart: 1
Add to cart container is clickable
Listener:Test is Pass

User Name:8152999644
User Entered Password
Login successful with User Name:Hello, Jyoti
Searchbar is visible and able to search Shoes
Campus is selected
Men  price is selected
Listener:Test is Pass

User Name:8152999644
User Entered Password
Listener:Test is Fail

User Name:8152999644
User Entered Password
Login successful with User Name:Hello, Jyoti
Searchbar is visible and able to search Toys for 3 year kid
No of item present in cart Before:1
Add to cart button is clickable
Cart count After product added to the cart: 2
Add to cart container is clickable
Total payment options : 6
Payment option 0 is clickable
Payment option 1 is clickable
Payment option 2 is clickable
Payment option 3 is clickable
Payment option 4 is clickable
Payment option 5 is clickable
Listener:Test is Pass

User Name:8152999644
User Entered Password
Login successful with User Name:Hello, Jyoti
Listener:Test is Fail
Searchbar is visible and able to search Toys for 3 year kid
No of item present in cart Before:0
Add to cart button is clickable
Add to cart container is clickable
Listener:Test is Pass

User Name:avvannavarjyoti@gmail.com
User Entered Password
Login successful with User Name:Hello, Naveen
Verified the page title is : Your Orders
Click on 5star rating
Listener:Test is Pass

User Name:8152999644
User Entered Password
Login successful with User Name:Hello, Jyoti
Searchbar is visible and able to search Shoes
Rating of product is : 
Selected Product Price is : 1,398
Product description displayed : Product details
Listener:Test is Pass

User Name:8152999644
User Entered Password
Login successful with User Name:Hello, Jyoti
Searchbar is visible and able to search Toys
No of item present in cart Before:2
Add to cart button is clickable
Cart count After product added to the cart: 3
Add to cart container is clickable

User Name:8152999644
User Entered Password
Login successful with User Name:Hello, Jyoti
Searchbar is visible and able to search Toys
No of item present in cart Before:3
Add to cart button is clickable
Cart count After product added to the cart: 4
Add to cart container is clickable
Listener:Test is Pass

User Name:8152999644
User Entered Password
Login successful with User Name:Hello, Jyoti
Listener:Test is Pass

User Name:8152999644
User Entered Password
Login successful with User Name:Hello, Jyoti
Searchbar is visible and able to search Toys for 3 year kid
No of item present in cart Before:4
Add to cart button is clickable
Cart count After product added to the cart: 5
Listener:Test is Pass]]>
  </system-out>
</testsuite> <!-- MavenPackage1.AmazonProject.TC07_productdetails -->
