<?xml version="1.0" encoding="UTF-8"?>
<!-- Generated by org.testng.reporters.JUnitReportReporter -->
<testsuite hostname="DESKTOP-J3C5VNV" failures="0" tests="1" name="MavenPackage1.AmazonProject.TC03_loginwithInValidCredentials" time="22.569" errors="0" timestamp="2025-06-24T18:11:46 IST" skipped="0">
  <testcase classname="MavenPackage1.AmazonProject.TC03_loginwithInValidCredentials" name="loginwithinvalidcredentials" time="22.569">
    <system-out>
      <![CDATA[
User Name:8152999644
User Entered Password
Login with invalid credentials:There was a problem
Listener:Test is Pass]]>
    </system-out>
  </testcase> <!-- loginwithinvalidcredentials -->
  <system-out>
    <![CDATA[
User Name:8152999644
User Entered Password
Login with invalid credentials:There was a problem
Listener:Test is Pass]]>
  </system-out>
</testsuite> <!-- MavenPackage1.AmazonProject.TC03_loginwithInValidCredentials -->
