<?xml version="1.0" encoding="UTF-8"?>
<!-- Generated by org.testng.reporters.JUnitReportReporter -->
<testsuite hostname="DESKTOP-J3C5VNV" failures="0" tests="3" name="MavenPackage1.AmazonProject.TC13_couponcode" time="169.557" errors="1" timestamp="2025-06-24T18:00:14 IST" skipped="2">
  <testcase classname="MavenPackage1.AmazonProject.TC13_couponcode" name="couponcode" time="55.349">
    <error message="Expected condition failed: waiting for visibility of Proxy element for: DefaultElementLocator &#039;By.xpath: 	//input[@type=&#039;radio&#039; and contains(@value, &#039;APB&#039;)]&#039; (tried for 10 second(s) with 500 milliseconds interval)" type="org.openqa.selenium.TimeoutException">
      <![CDATA[org.openqa.selenium.TimeoutException: Expected condition failed: waiting for visibility of Proxy element for: DefaultElementLocator 'By.xpath: //input[@type='radio' and contains(@value, 'APB')]' (tried for 10 second(s) with 500 milliseconds interval)
at org.openqa.selenium.support.ui.WebDriverWait.timeoutException(WebDriverWait.java:84)
at org.openqa.selenium.support.ui.FluentWait.until(FluentWait.java:228)
at MavenPackage1.AmazonProject.paymentpage.couponcode(paymentpage.java:46)
at MavenPackage1.AmazonProject.TC13_couponcode.couponcode(TC13_couponcode.java:38)
at java.base/jdk.internal.reflect.DirectMethodHandleAccessor.invoke(DirectMethodHandleAccessor.java:103)
at java.base/java.lang.reflect.Method.invoke(Method.java:580)
at org.testng.internal.invokers.MethodInvocationHelper.invokeMethod(MethodInvocationHelper.java:141)
at org.testng.internal.invokers.TestInvoker.invokeMethod(TestInvoker.java:686)
at org.testng.internal.invokers.TestInvoker.retryFailed(TestInvoker.java:269)
at org.testng.internal.invokers.MethodRunner.runInSequence(MethodRunner.java:76)
at org.testng.internal.invokers.TestInvoker$MethodInvocationAgent.invoke(TestInvoker.java:992)
at org.testng.internal.invokers.TestInvoker.invokeTestMethods(TestInvoker.java:203)
at org.testng.internal.invokers.TestMethodWorker.invokeTestMethods(TestMethodWorker.java:154)
at org.testng.internal.invokers.TestMethodWorker.run(TestMethodWorker.java:134)
at java.base/java.util.ArrayList.forEach(ArrayList.java:1597)
at org.testng.TestRunner.privateRun(TestRunner.java:739)
at org.testng.TestRunner.run(TestRunner.java:614)
at org.testng.SuiteRunner.runTest(SuiteRunner.java:421)
at org.testng.SuiteRunner.runSequentially(SuiteRunner.java:413)
at org.testng.SuiteRunner.privateRun(SuiteRunner.java:373)
at org.testng.SuiteRunner.run(SuiteRunner.java:312)
at org.testng.SuiteRunnerWorker.runSuite(SuiteRunnerWorker.java:52)
at org.testng.SuiteRunnerWorker.run(SuiteRunnerWorker.java:95)
at org.testng.TestNG.runSuitesSequentially(TestNG.java:1274)
at org.testng.TestNG.runSuitesLocally(TestNG.java:1208)
at org.testng.TestNG.runSuites(TestNG.java:1112)
at org.testng.TestNG.run(TestNG.java:1079)
at org.apache.maven.surefire.testng.TestNGExecutor.run(TestNGExecutor.java:308)
at org.apache.maven.surefire.testng.TestNGXmlTestSuite.execute(TestNGXmlTestSuite.java:71)
at org.apache.maven.surefire.testng.TestNGProvider.invoke(TestNGProvider.java:113)
at org.apache.maven.surefire.booter.ForkedBooter.runSuitesInProcess(ForkedBooter.java:385)
at org.apache.maven.surefire.booter.ForkedBooter.execute(ForkedBooter.java:162)
at org.apache.maven.surefire.booter.ForkedBooter.run(ForkedBooter.java:507)
at org.apache.maven.surefire.booter.ForkedBooter.main(ForkedBooter.java:495)
Caused by: org.openqa.selenium.NoSuchElementException: no such element: Unable to locate element: {"method":"xpath","selector":"//input[@type='radio' and contains(@value, 'APB')]"}
  (Session info: chrome=137.0.7151.120)
For documentation on this error, please visit: https://www.selenium.dev/documentation/webdriver/troubleshooting/errors#no-such-element-exception
Build info: version: '4.32.0', revision: 'd17c8aa950'
System info: os.name: 'Windows 10', os.arch: 'amd64', os.version: '10.0', java.version: '23.0.2'
Driver info: org.openqa.selenium.chrome.ChromeDriver
Command: [c5f5248c4e560a9f0cc637d1472fb3b2, findElement {value=//input[@type='radio' and contains(@value, 'APB')], using=xpath}]
Capabilities {acceptInsecureCerts: false, browserName: chrome, browserVersion: 137.0.7151.120, chrome: {chromedriverVersion: 137.0.7151.119 (e0ac9d12dff..., userDataDir: C:\Users\Naveen\AppData\Loc...}, fedcm:accounts: true, goog:chromeOptions: {debuggerAddress: localhost:53274}, networkConnectionEnabled: false, pageLoadStrategy: normal, platformName: windows, proxy: Proxy(), se:cdp: ws://localhost:53274/devtoo..., se:cdpVersion: 137.0.7151.120, setWindowRect: true, strictFileInteractability: false, timeouts: {implicit: 0, pageLoad: 300000, script: 30000}, unhandledPromptBehavior: dismiss and notify, webauthn:extension:credBlob: true, webauthn:extension:largeBlob: true, webauthn:extension:minPinLength: true, webauthn:extension:prf: true, webauthn:virtualAuthenticators: true}
Session ID: c5f5248c4e560a9f0cc637d1472fb3b2
at java.base/jdk.internal.reflect.DirectConstructorHandleAccessor.newInstance(DirectConstructorHandleAccessor.java:62)
at java.base/java.lang.reflect.Constructor.newInstanceWithCaller(Constructor.java:501)
at java.base/java.lang.reflect.Constructor.newInstance(Constructor.java:485)
at org.openqa.selenium.remote.ErrorCodec.decode(ErrorCodec.java:167)
at org.openqa.selenium.remote.codec.w3c.W3CHttpResponseCodec.decode(W3CHttpResponseCodec.java:138)
at org.openqa.selenium.remote.codec.w3c.W3CHttpResponseCodec.decode(W3CHttpResponseCodec.java:50)
at org.openqa.selenium.remote.HttpCommandExecutor.execute(HttpCommandExecutor.java:215)
at org.openqa.selenium.remote.service.DriverCommandExecutor.invokeExecute(DriverCommandExecutor.java:216)
at org.openqa.selenium.remote.service.DriverCommandExecutor.execute(DriverCommandExecutor.java:174)
at org.openqa.selenium.remote.RemoteWebDriver.execute(RemoteWebDriver.java:545)
at org.openqa.selenium.remote.ElementLocation$ElementFinder$2.findElement(ElementLocation.java:165)
at org.openqa.selenium.remote.ElementLocation.findElement(ElementLocation.java:59)
at org.openqa.selenium.remote.RemoteWebDriver.findElement(RemoteWebDriver.java:368)
at org.openqa.selenium.remote.RemoteWebDriver.findElement(RemoteWebDriver.java:362)
at org.openqa.selenium.support.pagefactory.DefaultElementLocator.findElement(DefaultElementLocator.java:68)
at org.openqa.selenium.support.pagefactory.internal.LocatingElementHandler.invoke(LocatingElementHandler.java:38)
at jdk.proxy2/jdk.proxy2.$Proxy12.isDisplayed(Unknown Source)
at org.openqa.selenium.support.ui.ExpectedConditions.elementIfVisible(ExpectedConditions.java:304)
at org.openqa.selenium.support.ui.ExpectedConditions$10.apply(ExpectedConditions.java:290)
at org.openqa.selenium.support.ui.ExpectedConditions$10.apply(ExpectedConditions.java:287)
at org.openqa.selenium.support.ui.FluentWait.until(FluentWait.java:203)
... 32 more
]]>
    </error>
    <system-out>
      <![CDATA[
User Name:8152999644
User Entered Password
Login successful with User Name:Hello, Jyoti
Searchbar is visible and able to search Toys
No of item present in cart Before:4
Add to cart button is clickable
Cart count After product added to the cart: 5
Add to cart container is clickable
Listener:Test is Fail]]>
    </system-out>
  </testcase> <!-- couponcode -->
  <testcase classname="MavenPackage1.AmazonProject.TC13_couponcode" name="couponcode" time="58.321">
    <skipped/>
    <system-out>
      <![CDATA[
User Name:8152999644
User Entered Password
Login successful with User Name:Hello, Jyoti
Searchbar is visible and able to search Toys
No of item present in cart Before:3
Add to cart button is clickable
Cart count After product added to the cart: 4
Add to cart container is clickable]]>
    </system-out>
  </testcase> <!-- couponcode -->
  <testcase classname="MavenPackage1.AmazonProject.TC13_couponcode" name="couponcode" time="55.887">
    <skipped/>
    <system-out>
      <![CDATA[
User Name:8152999644
User Entered Password
Login successful with User Name:Hello, Jyoti
Searchbar is visible and able to search Toys
No of item present in cart Before:2
Add to cart button is clickable
Cart count After product added to the cart: 3
Add to cart container is clickable]]>
    </system-out>
  </testcase> <!-- couponcode -->
  <system-out>
    <![CDATA[
User Name:8152999644
User Entered Password
Login successful with User Name:Hello, Jyoti
Searchbar is visible and able to search Toys for 3 year kid
No of item present in cart Before:0
Add to cart button is clickable
Cart count After product added to the cart: 1
Add to cart container is clickable
Product is deleted
Cart count After product deleted to the cart: 0
Listener:Test is Pass

User Name:8152999644
User Entered Password
Login successful with User Name:Hello, Jyoti
Searchbar is visible and able to search Shoes
Price: Low to High is selected
Price: High to Low is selected
Avg. Customer Review is selected
Best Sellers is selected
Listener:Test is Pass

User Name:8152999644
User Entered Password
Login successful with User Name:Hello, Jyoti
Searchbar is visible and able to search Toys
Listener:Test is Pass

User Name:8152999644
User Entered Password
Login successful with User Name:Hello, Jyoti
Searchbar is visible and able to search Toys for 3 year kid
No of item present in cart Before:0
Add to cart button is clickable
Cart count After product added to the cart: 1
Add to cart container is clickable
Listener:Test is Pass

User Name:8152999644
User Entered Password
Login successful with User Name:Hello, Jyoti
Searchbar is visible and able to search Shoes
Puma is selected
₹500 - ₹700  price is selected
Listener:Test is Pass

User Name:8152999644
User Entered Password
Listener:Test is Fail

User Name:8152999644
User Entered Password
Login successful with User Name:Hello, Jyoti
Searchbar is visible and able to search Toys for 3 year kid
No of item present in cart Before:1
Add to cart button is clickable
Cart count After product added to the cart: 2
Add to cart container is clickable
Total payment options : 5
Payment option 0 is clickable
Payment option 1 is clickable
Payment option 2 is clickable
Payment option 3 is clickable
Payment option 4 is clickable
Listener:Test is Pass

User Name:8152999644
User Entered Password
Login successful with User Name:Hello, Jyoti
Verified the page title is : Your Account
In Accounct Name updated. successfully
Listener:Test is Pass
Searchbar is visible and able to search Toys for 3 year kid
No of item present in cart Before:0
Add to cart button is clickable
Add to cart container is clickable
Listener:Test is Pass

User Name:avvannavarjyoti@gmail.com
User Entered Password
Login successful with User Name:Hello, Naveen
Verified the page title is : Your Orders
Click on 5star rating
Listener:Test is Pass

User Name:8152999644
User Entered Password
Login successful with User Name:Hello, Jyoti
Searchbar is visible and able to search Shoes
Rating of product is : 3.2
Selected Product Price is : 974
Product description displayed : Product details
Listener:Test is Pass

User Name:8152999644
User Entered Password
Login successful with User Name:Hello, Jyoti
Searchbar is visible and able to search Toys
No of item present in cart Before:2
Add to cart button is clickable
Cart count After product added to the cart: 3
Add to cart container is clickable

User Name:8152999644
User Entered Password
Login successful with User Name:Hello, Jyoti
Searchbar is visible and able to search Toys
No of item present in cart Before:3
Add to cart button is clickable
Cart count After product added to the cart: 4
Add to cart container is clickable

User Name:8152999644
User Entered Password
Login successful with User Name:Hello, Jyoti
Searchbar is visible and able to search Toys
No of item present in cart Before:4
Add to cart button is clickable
Cart count After product added to the cart: 5
Add to cart container is clickable
Listener:Test is Fail

User Name:8152999644
User Entered Password
Login successful with User Name:Hello, Jyoti
Listener:Test is Pass

User Name:8152999644
User Entered Password
Login successful with User Name:Hello, Jyoti
Searchbar is visible and able to search Toys for 3 year kid
No of item present in cart Before:5
Add to cart button is clickable
Cart count After product added to the cart: 6
Listener:Test is Pass]]>
  </system-out>
</testsuite> <!-- MavenPackage1.AmazonProject.TC13_couponcode -->
