<?xml version="1.0" encoding="UTF-8"?>
<!-- Generated by org.testng.reporters.JUnitXMLReporter -->
<testsuite ignored="0" hostname="DESKTOP-J3C5VNV" failures="2" tests="16" name="Testing on Edge browser" time="1082.957" errors="0" timestamp="2025-06-24T17:27:21 IST">
  <testcase classname="MavenPackage1.AmazonProject.TC10_deleteitemfromcart" name="deleteproductincart" time="53.72"/>
  <testcase classname="MavenPackage1.AmazonProject.TC08_sortproduct" name="sortproducts" time="47.514">
    <skipped/>
  </testcase> <!-- sortproducts -->
  <testcase classname="MavenPackage1.AmazonProject.TC08_sortproduct" name="sortproducts" time="51.957"/>
  <testcase classname="MavenPackage1.AmazonProject.TC05_SearchProduct" name="searchproduct" time="36.601"/>
  <testcase classname="MavenPackage1.AmazonProject.TC11_checkoutdetails" name="checkout" time="63.963"/>
  <testcase classname="MavenPackage1.AmazonProject.TC06_filters" name="searchwithfilters" time="46.043"/>
  <testcase classname="MavenPackage1.AmazonProject.TC03_loginwithInValidCredentials" name="loginwithinvalidcredentials" time="15.383">
    <failure type="org.openqa.selenium.StaleElementReferenceException" message="stale element reference: stale element not found
  (Session info: chrome=137.0.7151.120)
For documentation on this error, please visit: https://www.selenium.dev/documentation/webdriver/troubleshooting/errors#stale-element-reference-exception
Build info: version: &amp;apos;4.32.0&amp;apos;, revision: &amp;apos;d17c8aa950&amp;apos;
System info: os.name: &amp;apos;Windows 10&amp;apos;, os.arch: &amp;apos;amd64&amp;apos;, os.version: &amp;apos;10.0&amp;apos;, java.version: &amp;apos;23.0.2&amp;apos;
Driver info: org.openqa.selenium.chrome.ChromeDriver
Command: [e41c4106809611bfc3138bdc39444d32, getElementText {id=f.860E810E305DE0372E32BAA6CB4A9CFD.d.6C87300FBD3F198FCD657C5886EAEE05.e.382}]
Capabilities {acceptInsecureCerts: false, browserName: chrome, browserVersion: 137.0.7151.120, chrome: {chromedriverVersion: 137.0.7151.119 (e0ac9d12dff..., userDataDir: C:\Users\Naveen\AppData\Loc...}, fedcm:accounts: true, goog:chromeOptions: {debuggerAddress: localhost:64934}, networkConnectionEnabled: false, pageLoadStrategy: normal, platformName: windows, proxy: Proxy(), se:cdp: ws://localhost:64934/devtoo..., se:cdpVersion: 137.0.7151.120, setWindowRect: true, strictFileInteractability: false, timeouts: {implicit: 0, pageLoad: 300000, script: 30000}, unhandledPromptBehavior: dismiss and notify, webauthn:extension:credBlob: true, webauthn:extension:largeBlob: true, webauthn:extension:minPinLength: true, webauthn:extension:prf: true, webauthn:virtualAuthenticators: true}
Element: [[ChromeDriver: chrome on windows (e41c4106809611bfc3138bdc39444d32)] -&amp;gt; xpath: (//h4[@class=&amp;apos;a-alert-heading&amp;apos;])[1]]
Session ID: e41c4106809611bfc3138bdc39444d32">
      <![CDATA[org.openqa.selenium.StaleElementReferenceException: stale element reference: stale element not found
  (Session info: chrome=137.0.7151.120)
For documentation on this error, please visit: https://www.selenium.dev/documentation/webdriver/troubleshooting/errors#stale-element-reference-exception
Build info: version: '4.32.0', revision: 'd17c8aa950'
System info: os.name: 'Windows 10', os.arch: 'amd64', os.version: '10.0', java.version: '23.0.2'
Driver info: org.openqa.selenium.chrome.ChromeDriver
Command: [e41c4106809611bfc3138bdc39444d32, getElementText {id=f.860E810E305DE0372E32BAA6CB4A9CFD.d.6C87300FBD3F198FCD657C5886EAEE05.e.382}]
Capabilities {acceptInsecureCerts: false, browserName: chrome, browserVersion: 137.0.7151.120, chrome: {chromedriverVersion: 137.0.7151.119 (e0ac9d12dff..., userDataDir: C:\Users\Naveen\AppData\Loc...}, fedcm:accounts: true, goog:chromeOptions: {debuggerAddress: localhost:64934}, networkConnectionEnabled: false, pageLoadStrategy: normal, platformName: windows, proxy: Proxy(), se:cdp: ws://localhost:64934/devtoo..., se:cdpVersion: 137.0.7151.120, setWindowRect: true, strictFileInteractability: false, timeouts: {implicit: 0, pageLoad: 300000, script: 30000}, unhandledPromptBehavior: dismiss and notify, webauthn:extension:credBlob: true, webauthn:extension:largeBlob: true, webauthn:extension:minPinLength: true, webauthn:extension:prf: true, webauthn:virtualAuthenticators: true}
Element: [[ChromeDriver: chrome on windows (e41c4106809611bfc3138bdc39444d32)] -> xpath: (//h4[@class='a-alert-heading'])[1]]
Session ID: e41c4106809611bfc3138bdc39444d32
at org.openqa.selenium.remote.ErrorCodec.decode(ErrorCodec.java:167)
at org.openqa.selenium.remote.codec.w3c.W3CHttpResponseCodec.decode(W3CHttpResponseCodec.java:138)
at org.openqa.selenium.remote.codec.w3c.W3CHttpResponseCodec.decode(W3CHttpResponseCodec.java:50)
at org.openqa.selenium.remote.HttpCommandExecutor.execute(HttpCommandExecutor.java:215)
at org.openqa.selenium.remote.service.DriverCommandExecutor.invokeExecute(DriverCommandExecutor.java:216)
at org.openqa.selenium.remote.service.DriverCommandExecutor.execute(DriverCommandExecutor.java:174)
at org.openqa.selenium.remote.RemoteWebDriver.execute(RemoteWebDriver.java:545)
at org.openqa.selenium.remote.RemoteWebElement.execute(RemoteWebElement.java:223)
at org.openqa.selenium.remote.RemoteWebElement.getText(RemoteWebElement.java:191)
at org.openqa.selenium.support.pagefactory.internal.LocatingElementHandler.invoke(LocatingElementHandler.java:51)
at jdk.proxy2/jdk.proxy2.$Proxy15.getText(Unknown Source)
at MavenPackage1.AmazonProject.loginPage.invalilogin(loginPage.java:76)
at MavenPackage1.AmazonProject.TC03_loginwithInValidCredentials.loginwithinvalidcredentials(TC03_loginwithInValidCredentials.java:23)
at java.base/java.util.ArrayList.forEach(ArrayList.java:1597)
... Removed 30 stack frames]]>
    </failure>
  </testcase> <!-- loginwithinvalidcredentials -->
  <testcase classname="MavenPackage1.AmazonProject.TC12_PaymentMethods" name="Payment" time="52.951"/>
  <testcase classname="MavenPackage1.AmazonProject.TC04_AccountInformation" name="editaccountdetails" time="37.761">
    <failure type="org.openqa.selenium.TimeoutException" message="Expected condition failed: waiting for visibility of [[ChromeDriver: chrome on windows (b78703057bbb7d879db5175c9607c3de)] -&amp;gt; xpath: //span[.=&amp;apos;Your Account&amp;apos;]] (tried for 10 second(s) with 500 milliseconds interval)
Build info: version: &amp;apos;4.32.0&amp;apos;, revision: &amp;apos;d17c8aa950&amp;apos;
System info: os.name: &amp;apos;Windows 10&amp;apos;, os.arch: &amp;apos;amd64&amp;apos;, os.version: &amp;apos;10.0&amp;apos;, java.version: &amp;apos;23.0.2&amp;apos;
Driver info: org.openqa.selenium.chrome.ChromeDriver
Capabilities {acceptInsecureCerts: false, browserName: chrome, browserVersion: 137.0.7151.120, chrome: {chromedriverVersion: 137.0.7151.119 (e0ac9d12dff..., userDataDir: C:\Users\Naveen\AppData\Loc...}, fedcm:accounts: true, goog:chromeOptions: {debuggerAddress: localhost:65194}, networkConnectionEnabled: false, pageLoadStrategy: normal, platformName: windows, proxy: Proxy(), se:cdp: ws://localhost:65194/devtoo..., se:cdpVersion: 137.0.7151.120, setWindowRect: true, strictFileInteractability: false, timeouts: {implicit: 0, pageLoad: 300000, script: 30000}, unhandledPromptBehavior: dismiss and notify, webauthn:extension:credBlob: true, webauthn:extension:largeBlob: true, webauthn:extension:minPinLength: true, webauthn:extension:prf: true, webauthn:virtualAuthenticators: true}
Session ID: b78703057bbb7d879db5175c9607c3de">
      <![CDATA[org.openqa.selenium.TimeoutException: Expected condition failed: waiting for visibility of [[ChromeDriver: chrome on windows (b78703057bbb7d879db5175c9607c3de)] -> xpath: //span[.='Your Account']] (tried for 10 second(s) with 500 milliseconds interval)
Build info: version: '4.32.0', revision: 'd17c8aa950'
System info: os.name: 'Windows 10', os.arch: 'amd64', os.version: '10.0', java.version: '23.0.2'
Driver info: org.openqa.selenium.chrome.ChromeDriver
Capabilities {acceptInsecureCerts: false, browserName: chrome, browserVersion: 137.0.7151.120, chrome: {chromedriverVersion: 137.0.7151.119 (e0ac9d12dff..., userDataDir: C:\Users\Naveen\AppData\Loc...}, fedcm:accounts: true, goog:chromeOptions: {debuggerAddress: localhost:65194}, networkConnectionEnabled: false, pageLoadStrategy: normal, platformName: windows, proxy: Proxy(), se:cdp: ws://localhost:65194/devtoo..., se:cdpVersion: 137.0.7151.120, setWindowRect: true, strictFileInteractability: false, timeouts: {implicit: 0, pageLoad: 300000, script: 30000}, unhandledPromptBehavior: dismiss and notify, webauthn:extension:credBlob: true, webauthn:extension:largeBlob: true, webauthn:extension:minPinLength: true, webauthn:extension:prf: true, webauthn:virtualAuthenticators: true}
Session ID: b78703057bbb7d879db5175c9607c3de
at org.openqa.selenium.support.ui.WebDriverWait.timeoutException(WebDriverWait.java:84)
at org.openqa.selenium.support.ui.FluentWait.until(FluentWait.java:228)
at MavenPackage1.AmazonProject.editaccountdetailspage.youraccount1(editaccountdetailspage.java:28)
at MavenPackage1.AmazonProject.TC04_AccountInformation.editaccountdetails(TC04_AccountInformation.java:26)
at java.base/java.util.ArrayList.forEach(ArrayList.java:1597)
... Removed 25 stack frames]]>
    </failure>
  </testcase> <!-- editaccountdetails -->
  <testcase classname="MavenPackage1.AmazonProject.TC15_withoutlogin" name="withoutloginreachcartpage" time="24.217"/>
  <testcase classname="MavenPackage1.AmazonProject.TC14_fivestarrating" name="fivestarrating" time="38.849"/>
  <testcase classname="MavenPackage1.AmazonProject.TC07_productdetails" name="productdetails" time="46.681"/>
  <testcase classname="MavenPackage1.AmazonProject.TC13_couponcode" name="couponcode" time="69.172">
    <skipped/>
  </testcase> <!-- couponcode -->
  <testcase classname="MavenPackage1.AmazonProject.TC13_couponcode" name="couponcode" time="39.058"/>
  <testcase classname="MavenPackage1.AmazonProject.TC02_loginwithValidCredentials" name="loginwithvalidcredentials" time="13.878"/>
  <testcase classname="MavenPackage1.AmazonProject.TC09_addtocart" name="addtocart" time="23.046"/>
</testsuite> <!-- Testing on Edge browser -->
